Mon, 05 Dec 2016 16:50:35 TotalCost.py[line:42] DEBUG E420
Mon, 05 Dec 2016 16:50:35 TotalCost.py[line:42] DEBUG E420
Mon, 05 Dec 2016 16:50:35 TotalCost.py[line:42] DEBUG C124
Mon, 05 Dec 2016 16:50:35 TotalCost.py[line:42] DEBUG C124
Mon, 05 Dec 2016 16:50:35 TotalCost.py[line:42] DEBUG 5545.0
Mon, 05 Dec 2016 16:50:35 TotalCost.py[line:42] DEBUG 5545.0
Mon, 05 Dec 2016 16:50:35 TotalCost.py[line:42] DEBUG 5415.0
Mon, 05 Dec 2016 16:50:35 TotalCost.py[line:42] DEBUG 5415.0
Mon, 05 Dec 2016 16:50:35 TotalCost.py[line:42] DEBUG D351
Mon, 05 Dec 2016 16:50:35 TotalCost.py[line:42] DEBUG D351
Mon, 05 Dec 2016 16:50:35 TotalCost.py[line:42] DEBUG E539
Mon, 05 Dec 2016 16:50:35 TotalCost.py[line:42] DEBUG 5414.0
Mon, 05 Dec 2016 16:50:35 TotalCost.py[line:42] DEBUG 5414.0
Mon, 05 Dec 2016 16:50:35 TotalCost.py[line:42] DEBUG 7F44
Mon, 05 Dec 2016 16:50:35 TotalCost.py[line:42] DEBUG 7F44
Mon, 05 Dec 2016 16:50:35 TotalCost.py[line:42] DEBUG 1198.0
Mon, 05 Dec 2016 16:50:35 TotalCost.py[line:42] DEBUG 1198.0
Mon, 05 Dec 2016 16:50:35 TotalCost.py[line:42] DEBUG 8835.0
Mon, 05 Dec 2016 16:50:35 TotalCost.py[line:42] DEBUG 8835.0
Mon, 05 Dec 2016 16:50:35 TotalCost.py[line:42] DEBUG 8211.0
Mon, 05 Dec 2016 16:50:35 TotalCost.py[line:42] DEBUG 8213.0
Mon, 05 Dec 2016 16:50:35 TotalCost.py[line:42] DEBUG 8227.0
Mon, 05 Dec 2016 16:50:35 TotalCost.py[line:42] DEBUG 8232.0
Mon, 05 Dec 2016 16:50:35 TotalCost.py[line:42] DEBUG 8230.0
Mon, 05 Dec 2016 16:50:35 TotalCost.py[line:42] DEBUG 8217.0
Mon, 05 Dec 2016 16:50:35 TotalCost.py[line:42] DEBUG E319
Mon, 05 Dec 2016 16:50:35 TotalCost.py[line:42] DEBUG E319
Mon, 05 Dec 2016 16:50:35 TotalCost.py[line:42] DEBUG 9141.0
Mon, 05 Dec 2016 16:50:35 TotalCost.py[line:42] DEBUG 9141.0
Mon, 05 Dec 2016 16:50:35 TotalCost.py[line:42] DEBUG 6721.0
Mon, 05 Dec 2016 16:50:35 TotalCost.py[line:42] DEBUG 6721.0
Mon, 05 Dec 2016 16:50:35 TotalCost.py[line:42] DEBUG D401
Mon, 05 Dec 2016 16:50:35 TotalCost.py[line:42] DEBUG D401
Mon, 05 Dec 2016 16:50:35 TotalCost.py[line:42] DEBUG D402
Mon, 05 Dec 2016 16:50:35 TotalCost.py[line:42] DEBUG D402
Mon, 05 Dec 2016 16:50:35 TotalCost.py[line:42] DEBUG 7403.0
Mon, 05 Dec 2016 16:50:35 TotalCost.py[line:42] DEBUG 7403.0
Mon, 05 Dec 2016 16:50:35 TotalCost.py[line:42] DEBUG E419
Mon, 05 Dec 2016 16:50:35 TotalCost.py[line:42] DEBUG E419
Mon, 05 Dec 2016 16:50:35 TotalCost.py[line:42] DEBUG 9161.0
Mon, 05 Dec 2016 16:50:35 TotalCost.py[line:42] DEBUG 9161.0
Mon, 05 Dec 2016 16:50:35 TotalCost.py[line:42] DEBUG 3172.0
Mon, 05 Dec 2016 16:50:35 TotalCost.py[line:42] DEBUG C325
Mon, 05 Dec 2016 16:50:35 TotalCost.py[line:42] DEBUG C325
Mon, 05 Dec 2016 16:50:35 TotalCost.py[line:42] DEBUG E544
Mon, 05 Dec 2016 16:50:35 TotalCost.py[line:42] DEBUG E544
Mon, 05 Dec 2016 16:50:35 TotalCost.py[line:42] DEBUG C326
Mon, 05 Dec 2016 16:50:35 TotalCost.py[line:42] DEBUG C326
Mon, 05 Dec 2016 16:50:35 TotalCost.py[line:42] DEBUG 3172.0
Mon, 05 Dec 2016 16:50:35 TotalCost.py[line:42] DEBUG 8832.0
Mon, 05 Dec 2016 16:50:35 TotalCost.py[line:42] DEBUG 8832.0
Mon, 05 Dec 2016 16:50:35 TotalCost.py[line:42] DEBUG C337
Mon, 05 Dec 2016 16:50:35 TotalCost.py[line:42] DEBUG C337
Mon, 05 Dec 2016 16:50:35 TotalCost.py[line:42] DEBUG 8831.0
Mon, 05 Dec 2016 16:50:35 TotalCost.py[line:42] DEBUG 8831.0
Mon, 05 Dec 2016 16:50:35 TotalCost.py[line:42] DEBUG 1323.0
Mon, 05 Dec 2016 16:50:35 TotalCost.py[line:42] DEBUG 1323.0
Mon, 05 Dec 2016 16:50:35 TotalCost.py[line:42] DEBUG 8830.0
Mon, 05 Dec 2016 16:50:35 TotalCost.py[line:42] DEBUG 8830.0
Mon, 05 Dec 2016 16:50:35 TotalCost.py[line:42] DEBUG 8248.0
Mon, 05 Dec 2016 16:50:35 TotalCost.py[line:42] DEBUG 8248.0
Mon, 05 Dec 2016 16:50:35 TotalCost.py[line:42] DEBUG 772B
Mon, 05 Dec 2016 16:50:35 TotalCost.py[line:42] DEBUG 772B
Mon, 05 Dec 2016 16:50:35 TotalCost.py[line:42] DEBUG 5529.0
Mon, 05 Dec 2016 16:50:35 TotalCost.py[line:42] DEBUG 5529.0
Mon, 05 Dec 2016 16:50:35 TotalCost.py[line:42] DEBUG 
Mon, 05 Dec 2016 16:50:35 TotalCost.py[line:42] DEBUG 
Mon, 05 Dec 2016 16:50:35 TotalCost.py[line:42] DEBUG D365
Mon, 05 Dec 2016 16:50:35 TotalCost.py[line:42] DEBUG 772E
Mon, 05 Dec 2016 16:50:35 TotalCost.py[line:42] DEBUG 772E
Mon, 05 Dec 2016 16:50:35 TotalCost.py[line:42] DEBUG 8836.0
Mon, 05 Dec 2016 16:50:35 TotalCost.py[line:42] DEBUG 8836.0
Mon, 05 Dec 2016 16:50:35 TotalCost.py[line:42] DEBUG 8247.0
Mon, 05 Dec 2016 16:50:35 TotalCost.py[line:42] DEBUG 8247.0
Mon, 05 Dec 2016 16:50:35 TotalCost.py[line:42] DEBUG 9F62
Mon, 05 Dec 2016 16:50:35 TotalCost.py[line:42] DEBUG 9F62
Mon, 05 Dec 2016 16:50:35 TotalCost.py[line:42] DEBUG 9501.0
Mon, 05 Dec 2016 16:50:35 TotalCost.py[line:42] DEBUG 9501.0
Mon, 05 Dec 2016 16:50:35 TotalCost.py[line:42] DEBUG 10024.0
Mon, 05 Dec 2016 16:50:35 TotalCost.py[line:42] DEBUG 10024.0
Mon, 05 Dec 2016 16:50:35 TotalCost.py[line:42] DEBUG 5138.0
Mon, 05 Dec 2016 16:50:35 TotalCost.py[line:42] DEBUG 5138.0
Mon, 05 Dec 2016 16:50:35 TotalCost.py[line:42] DEBUG 8852.0
Mon, 05 Dec 2016 16:50:35 TotalCost.py[line:42] DEBUG 8852.0
Mon, 05 Dec 2016 16:50:35 TotalCost.py[line:42] DEBUG 8854.0
Mon, 05 Dec 2016 16:50:35 TotalCost.py[line:42] DEBUG 8854.0
Mon, 05 Dec 2016 16:50:35 TotalCost.py[line:42] DEBUG 5614.0
Mon, 05 Dec 2016 16:50:35 TotalCost.py[line:42] DEBUG 5614.0
Mon, 05 Dec 2016 16:50:35 TotalCost.py[line:42] DEBUG 5550.0
Mon, 05 Dec 2016 16:50:35 TotalCost.py[line:42] DEBUG 5550.0
Mon, 05 Dec 2016 16:50:35 TotalCost.py[line:42] DEBUG 5722.0
Mon, 05 Dec 2016 16:50:35 TotalCost.py[line:42] DEBUG 5722.0
Mon, 05 Dec 2016 16:50:35 TotalCost.py[line:42] DEBUG 8837.0
Mon, 05 Dec 2016 16:50:35 TotalCost.py[line:42] DEBUG 1354.0
Mon, 05 Dec 2016 16:50:35 TotalCost.py[line:42] DEBUG 1354.0
Mon, 05 Dec 2016 16:50:35 TotalCost.py[line:42] DEBUG 7404.0
Mon, 05 Dec 2016 16:50:35 TotalCost.py[line:42] DEBUG 7404.0
Mon, 05 Dec 2016 16:50:35 TotalCost.py[line:42] DEBUG 2318.0
Mon, 05 Dec 2016 16:50:35 TotalCost.py[line:42] DEBUG 2318.0
Mon, 05 Dec 2016 16:50:35 TotalCost.py[line:42] DEBUG E215
Mon, 05 Dec 2016 16:50:35 TotalCost.py[line:42] DEBUG E215
Mon, 05 Dec 2016 16:50:35 TotalCost.py[line:42] DEBUG 
Mon, 05 Dec 2016 16:50:35 TotalCost.py[line:42] DEBUG 
Mon, 05 Dec 2016 16:50:35 TotalCost.py[line:42] DEBUG 
Mon, 05 Dec 2016 16:50:35 TotalCost.py[line:42] DEBUG 
Mon, 05 Dec 2016 16:50:35 TotalCost.py[line:42] DEBUG 
Mon, 05 Dec 2016 16:50:35 TotalCost.py[line:42] DEBUG 
Mon, 05 Dec 2016 16:50:35 TotalCost.py[line:42] DEBUG 
Mon, 05 Dec 2016 16:50:35 TotalCost.py[line:42] DEBUG 
Mon, 05 Dec 2016 16:50:35 TotalCost.py[line:42] DEBUG 774F
Mon, 05 Dec 2016 16:50:35 TotalCost.py[line:42] DEBUG 774F
Mon, 05 Dec 2016 16:50:35 TotalCost.py[line:42] DEBUG E558
Mon, 05 Dec 2016 16:50:35 TotalCost.py[line:42] DEBUG E558
Mon, 05 Dec 2016 16:50:35 TotalCost.py[line:42] DEBUG C346
Mon, 05 Dec 2016 16:50:35 TotalCost.py[line:42] DEBUG C346
Mon, 05 Dec 2016 16:50:35 TotalCost.py[line:42] DEBUG 771C
Mon, 05 Dec 2016 16:50:35 TotalCost.py[line:42] DEBUG 771C
Mon, 05 Dec 2016 16:50:35 TotalCost.py[line:42] DEBUG 8858.0
Mon, 05 Dec 2016 16:50:35 TotalCost.py[line:42] DEBUG 8858.0
Mon, 05 Dec 2016 16:50:35 TotalCost.py[line:42] DEBUG C352
Mon, 05 Dec 2016 16:50:35 TotalCost.py[line:42] DEBUG C352
Mon, 05 Dec 2016 16:50:35 TotalCost.py[line:42] DEBUG 9F06
Mon, 05 Dec 2016 16:50:35 TotalCost.py[line:42] DEBUG 9F06
Mon, 05 Dec 2016 16:50:35 TotalCost.py[line:42] DEBUG 6722.0
Mon, 05 Dec 2016 16:50:35 TotalCost.py[line:42] DEBUG 6722.0
Mon, 05 Dec 2016 16:50:35 TotalCost.py[line:42] DEBUG E557
Mon, 05 Dec 2016 16:50:35 TotalCost.py[line:42] DEBUG E557
Mon, 05 Dec 2016 16:50:35 TotalCost.py[line:42] DEBUG 7F45
Mon, 05 Dec 2016 16:50:35 TotalCost.py[line:42] DEBUG 7F45
Mon, 05 Dec 2016 16:50:35 TotalCost.py[line:42] DEBUG 
Mon, 05 Dec 2016 16:50:35 TotalCost.py[line:42] DEBUG 
Mon, 05 Dec 2016 16:50:35 TotalCost.py[line:42] DEBUG D249
Mon, 05 Dec 2016 16:50:35 TotalCost.py[line:42] DEBUG D249
Mon, 05 Dec 2016 16:50:35 TotalCost.py[line:42] DEBUG 5142.0
Mon, 05 Dec 2016 16:50:35 TotalCost.py[line:42] DEBUG 5142.0
Mon, 05 Dec 2016 16:50:35 TotalCost.py[line:42] DEBUG 5140.0
Mon, 05 Dec 2016 16:50:35 TotalCost.py[line:42] DEBUG 5140.0
Mon, 05 Dec 2016 16:50:35 TotalCost.py[line:42] DEBUG E201
Mon, 05 Dec 2016 16:50:35 TotalCost.py[line:42] DEBUG E201
Mon, 05 Dec 2016 16:50:35 TotalCost.py[line:42] DEBUG 142C
Mon, 05 Dec 2016 16:50:35 TotalCost.py[line:42] DEBUG 142C
Mon, 05 Dec 2016 16:50:35 TotalCost.py[line:42] DEBUG 1428.0
Mon, 05 Dec 2016 16:50:35 TotalCost.py[line:42] DEBUG 1428.0
Mon, 05 Dec 2016 16:50:35 TotalCost.py[line:42] DEBUG 8848.0
Mon, 05 Dec 2016 16:50:35 TotalCost.py[line:42] DEBUG 9140.0
Mon, 05 Dec 2016 16:50:35 TotalCost.py[line:42] DEBUG 9140.0
Mon, 05 Dec 2016 16:50:35 TotalCost.py[line:42] DEBUG 751C
Mon, 05 Dec 2016 16:50:35 TotalCost.py[line:42] DEBUG 751C
Mon, 05 Dec 2016 16:50:35 TotalCost.py[line:42] DEBUG 5139.0
Mon, 05 Dec 2016 16:50:35 TotalCost.py[line:42] DEBUG 5139.0
Mon, 05 Dec 2016 16:50:35 TotalCost.py[line:42] DEBUG 8859.0
Mon, 05 Dec 2016 16:50:35 TotalCost.py[line:42] DEBUG 8859.0
Mon, 05 Dec 2016 16:50:35 TotalCost.py[line:42] DEBUG C355
Mon, 05 Dec 2016 16:50:35 TotalCost.py[line:42] DEBUG C355
Mon, 05 Dec 2016 16:50:35 TotalCost.py[line:42] DEBUG 5304.0
Mon, 05 Dec 2016 16:50:35 TotalCost.py[line:42] DEBUG 5304.0
Mon, 05 Dec 2016 16:50:35 TotalCost.py[line:42] DEBUG 7F47
Mon, 05 Dec 2016 16:50:35 TotalCost.py[line:42] DEBUG 7F47
Mon, 05 Dec 2016 16:50:35 TotalCost.py[line:42] DEBUG 311B
Mon, 05 Dec 2016 16:50:35 TotalCost.py[line:42] DEBUG 311B
Mon, 05 Dec 2016 16:50:35 TotalCost.py[line:42] DEBUG 8860.0
Mon, 05 Dec 2016 16:50:35 TotalCost.py[line:42] DEBUG 8861.0
Mon, 05 Dec 2016 16:50:35 TotalCost.py[line:42] DEBUG 8861.0
Mon, 05 Dec 2016 16:50:35 TotalCost.py[line:42] DEBUG 4152.0
Mon, 05 Dec 2016 16:50:35 TotalCost.py[line:42] DEBUG 4152.0
Mon, 05 Dec 2016 16:50:35 TotalCost.py[line:42] DEBUG 8401.0
Mon, 05 Dec 2016 16:50:35 TotalCost.py[line:42] DEBUG 8401.0
Mon, 05 Dec 2016 16:50:35 TotalCost.py[line:42] DEBUG 5338.0
Mon, 05 Dec 2016 16:50:35 TotalCost.py[line:42] DEBUG 5338.0
Mon, 05 Dec 2016 16:50:35 TotalCost.py[line:42] DEBUG 7722.0
Mon, 05 Dec 2016 16:50:35 TotalCost.py[line:42] DEBUG 7722.0
Mon, 05 Dec 2016 16:50:35 TotalCost.py[line:42] DEBUG E273
Mon, 05 Dec 2016 16:50:35 TotalCost.py[line:42] DEBUG E273
Mon, 05 Dec 2016 16:50:35 TotalCost.py[line:42] DEBUG E433
Mon, 05 Dec 2016 16:50:35 TotalCost.py[line:42] DEBUG E433
Mon, 05 Dec 2016 16:50:35 TotalCost.py[line:42] DEBUG E432
Mon, 05 Dec 2016 16:50:35 TotalCost.py[line:42] DEBUG E432
Mon, 05 Dec 2016 16:50:35 TotalCost.py[line:42] DEBUG 8851.0
Mon, 05 Dec 2016 16:50:35 TotalCost.py[line:42] DEBUG 8851.0
Mon, 05 Dec 2016 16:50:35 TotalCost.py[line:42] DEBUG 8862.0
Mon, 05 Dec 2016 16:50:35 TotalCost.py[line:42] DEBUG 5143.0
Mon, 05 Dec 2016 16:50:35 TotalCost.py[line:42] DEBUG 5143.0
Mon, 05 Dec 2016 16:50:35 TotalCost.py[line:42] DEBUG 3318.0
Mon, 05 Dec 2016 16:50:35 TotalCost.py[line:42] DEBUG 3318.0
Mon, 05 Dec 2016 16:50:35 TotalCost.py[line:42] DEBUG D604
Mon, 05 Dec 2016 16:50:35 TotalCost.py[line:42] DEBUG D604
Mon, 05 Dec 2016 16:50:35 TotalCost.py[line:42] DEBUG 5341.0
Mon, 05 Dec 2016 16:50:35 TotalCost.py[line:42] DEBUG 5341.0
Mon, 05 Dec 2016 16:50:35 TotalCost.py[line:42] DEBUG E631
Mon, 05 Dec 2016 16:50:35 TotalCost.py[line:42] DEBUG E631
Mon, 05 Dec 2016 16:50:35 TotalCost.py[line:42] DEBUG 1357.0
Mon, 05 Dec 2016 16:50:35 TotalCost.py[line:42] DEBUG 1357.0
Mon, 05 Dec 2016 16:50:35 TotalCost.py[line:42] DEBUG 2319.0
Mon, 05 Dec 2016 16:50:35 TotalCost.py[line:42] DEBUG 2319.0
Mon, 05 Dec 2016 16:50:35 TotalCost.py[line:42] DEBUG 2321.0
Mon, 05 Dec 2016 16:50:35 TotalCost.py[line:42] DEBUG 2321.0
Mon, 05 Dec 2016 16:50:35 TotalCost.py[line:42] DEBUG 7F11
Mon, 05 Dec 2016 16:50:35 TotalCost.py[line:42] DEBUG 7F11
Mon, 05 Dec 2016 16:50:35 TotalCost.py[line:42] DEBUG 8738.0
Mon, 05 Dec 2016 16:50:35 TotalCost.py[line:42] DEBUG 8738.0
Mon, 05 Dec 2016 16:50:35 TotalCost.py[line:42] DEBUG 2320.0
Mon, 05 Dec 2016 16:50:35 TotalCost.py[line:42] DEBUG 2320.0
Mon, 05 Dec 2016 16:50:35 TotalCost.py[line:42] DEBUG 10027.0
Mon, 05 Dec 2016 16:50:35 TotalCost.py[line:42] DEBUG 10027.0
Mon, 05 Dec 2016 16:50:35 TotalCost.py[line:42] DEBUG 7723.0
Mon, 05 Dec 2016 16:50:35 TotalCost.py[line:42] DEBUG 7723.0
Mon, 05 Dec 2016 16:50:35 TotalCost.py[line:42] DEBUG 2721.0
Mon, 05 Dec 2016 16:50:35 TotalCost.py[line:42] DEBUG 2721.0
Mon, 05 Dec 2016 16:50:35 TotalCost.py[line:42] DEBUG 9126.0
Mon, 05 Dec 2016 16:50:35 TotalCost.py[line:42] DEBUG 7724.0
Mon, 05 Dec 2016 16:50:35 TotalCost.py[line:42] DEBUG 7724.0
Mon, 05 Dec 2016 16:50:35 TotalCost.py[line:42] DEBUG 3142.0
Mon, 05 Dec 2016 16:50:35 TotalCost.py[line:42] DEBUG 3142.0
Mon, 05 Dec 2016 16:50:35 TotalCost.py[line:42] DEBUG 9114.0
Mon, 05 Dec 2016 16:50:35 TotalCost.py[line:42] DEBUG 9114.0
Mon, 05 Dec 2016 16:50:35 TotalCost.py[line:42] DEBUG 5723.0
Mon, 05 Dec 2016 16:50:35 TotalCost.py[line:42] DEBUG 5723.0
Mon, 05 Dec 2016 16:50:35 TotalCost.py[line:42] DEBUG E430
Mon, 05 Dec 2016 16:50:35 TotalCost.py[line:42] DEBUG E430
Mon, 05 Dec 2016 16:50:35 TotalCost.py[line:42] DEBUG 213D
Mon, 05 Dec 2016 16:50:35 TotalCost.py[line:42] DEBUG 5141.0
Mon, 05 Dec 2016 16:50:35 TotalCost.py[line:42] DEBUG 5141.0
Mon, 05 Dec 2016 16:50:35 TotalCost.py[line:42] DEBUG E275
Mon, 05 Dec 2016 16:50:35 TotalCost.py[line:42] DEBUG E275
Mon, 05 Dec 2016 16:50:35 TotalCost.py[line:42] DEBUG E207
Mon, 05 Dec 2016 16:50:35 TotalCost.py[line:42] DEBUG 5552.0
Mon, 05 Dec 2016 16:50:35 TotalCost.py[line:42] DEBUG 5552.0
Mon, 05 Dec 2016 16:50:35 TotalCost.py[line:42] DEBUG D605
Mon, 05 Dec 2016 16:50:35 TotalCost.py[line:42] DEBUG D605
Mon, 05 Dec 2016 16:50:35 TotalCost.py[line:42] DEBUG D606
Mon, 05 Dec 2016 16:50:35 TotalCost.py[line:42] DEBUG D606
Mon, 05 Dec 2016 16:50:35 TotalCost.py[line:42] DEBUG E210
Mon, 05 Dec 2016 16:50:35 TotalCost.py[line:42] DEBUG E213
Mon, 05 Dec 2016 16:50:35 TotalCost.py[line:42] DEBUG E222
Mon, 05 Dec 2016 16:50:35 TotalCost.py[line:42] DEBUG E234
Mon, 05 Dec 2016 16:50:35 TotalCost.py[line:42] DEBUG E235
Mon, 05 Dec 2016 16:50:35 TotalCost.py[line:42] DEBUG E236
Mon, 05 Dec 2016 16:50:35 TotalCost.py[line:42] DEBUG D601
Mon, 05 Dec 2016 16:50:35 TotalCost.py[line:42] DEBUG D601
Mon, 05 Dec 2016 16:50:35 TotalCost.py[line:42] DEBUG D374
Mon, 05 Dec 2016 16:50:35 TotalCost.py[line:42] DEBUG D374
Mon, 05 Dec 2016 16:50:35 TotalCost.py[line:42] DEBUG 5345.0
Mon, 05 Dec 2016 16:50:35 TotalCost.py[line:42] DEBUG 5345.0
Mon, 05 Dec 2016 16:50:35 TotalCost.py[line:42] DEBUG E635
Mon, 05 Dec 2016 16:50:35 TotalCost.py[line:42] DEBUG E635
Mon, 05 Dec 2016 16:50:35 TotalCost.py[line:42] DEBUG 5725.0
Mon, 05 Dec 2016 16:50:35 TotalCost.py[line:42] DEBUG 5725.0
Mon, 05 Dec 2016 16:50:35 TotalCost.py[line:42] DEBUG E636
Mon, 05 Dec 2016 16:50:35 TotalCost.py[line:42] DEBUG E636
Mon, 05 Dec 2016 16:50:35 TotalCost.py[line:42] DEBUG E508
Mon, 05 Dec 2016 16:50:35 TotalCost.py[line:42] DEBUG E508
Mon, 05 Dec 2016 16:50:35 TotalCost.py[line:42] DEBUG 5554.0
Mon, 05 Dec 2016 16:50:35 TotalCost.py[line:42] DEBUG 5554.0
Mon, 05 Dec 2016 16:50:35 TotalCost.py[line:42] DEBUG 8821.0
Mon, 05 Dec 2016 16:50:35 TotalCost.py[line:42] DEBUG 8821.0
Mon, 05 Dec 2016 16:50:35 TotalCost.py[line:42] DEBUG E336
Mon, 05 Dec 2016 16:50:35 TotalCost.py[line:42] DEBUG E336
Mon, 05 Dec 2016 16:50:35 TotalCost.py[line:42] DEBUG D355
Mon, 05 Dec 2016 16:50:35 TotalCost.py[line:42] DEBUG D355
Mon, 05 Dec 2016 16:50:35 TotalCost.py[line:42] DEBUG 7F03
Mon, 05 Dec 2016 16:50:35 TotalCost.py[line:42] DEBUG 7F03
Mon, 05 Dec 2016 16:50:35 TotalCost.py[line:42] DEBUG E633
Mon, 05 Dec 2016 16:50:35 TotalCost.py[line:42] DEBUG E633
Mon, 05 Dec 2016 16:50:35 TotalCost.py[line:42] DEBUG D260
Mon, 05 Dec 2016 16:50:35 TotalCost.py[line:42] DEBUG D260
Mon, 05 Dec 2016 16:50:35 TotalCost.py[line:42] DEBUG 5344.0
Mon, 05 Dec 2016 16:50:35 TotalCost.py[line:42] DEBUG 5344.0
Mon, 05 Dec 2016 16:50:35 TotalCost.py[line:42] DEBUG 5346.0
Mon, 05 Dec 2016 16:50:35 TotalCost.py[line:42] DEBUG 5346.0
Mon, 05 Dec 2016 16:50:35 TotalCost.py[line:42] DEBUG 5340.0
Mon, 05 Dec 2016 16:50:35 TotalCost.py[line:42] DEBUG 5340.0
Mon, 05 Dec 2016 16:50:35 TotalCost.py[line:42] DEBUG 9117.0
Mon, 05 Dec 2016 16:50:35 TotalCost.py[line:42] DEBUG 5144.0
Mon, 05 Dec 2016 16:50:35 TotalCost.py[line:42] DEBUG 5144.0
Mon, 05 Dec 2016 16:50:35 TotalCost.py[line:42] DEBUG 143B
Mon, 05 Dec 2016 16:50:35 TotalCost.py[line:42] DEBUG 143B
Mon, 05 Dec 2016 16:50:35 TotalCost.py[line:42] DEBUG 5665.0
Mon, 05 Dec 2016 16:50:35 TotalCost.py[line:42] DEBUG 5665.0
Mon, 05 Dec 2016 16:50:35 TotalCost.py[line:42] DEBUG 1377.0
Mon, 05 Dec 2016 16:50:35 TotalCost.py[line:42] DEBUG 1377.0
Mon, 05 Dec 2016 16:50:35 TotalCost.py[line:42] DEBUG 2138.0
Mon, 05 Dec 2016 16:50:35 TotalCost.py[line:42] DEBUG 2138.0
Mon, 05 Dec 2016 16:50:35 TotalCost.py[line:42] DEBUG 7F17
Mon, 05 Dec 2016 16:50:35 TotalCost.py[line:42] DEBUG 7F17
Mon, 05 Dec 2016 16:50:35 TotalCost.py[line:42] DEBUG 1376.0
Mon, 05 Dec 2016 16:50:35 TotalCost.py[line:42] DEBUG 1376.0
Mon, 05 Dec 2016 16:50:35 TotalCost.py[line:42] DEBUG 3154.0
Mon, 05 Dec 2016 16:50:35 TotalCost.py[line:42] DEBUG 3154.0
Mon, 05 Dec 2016 16:50:35 TotalCost.py[line:42] DEBUG 7725.0
Mon, 05 Dec 2016 16:50:35 TotalCost.py[line:42] DEBUG 7725.0
Mon, 05 Dec 2016 16:50:35 TotalCost.py[line:42] DEBUG E338
Mon, 05 Dec 2016 16:50:35 TotalCost.py[line:42] DEBUG E338
Mon, 05 Dec 2016 16:50:35 TotalCost.py[line:42] DEBUG 8825.0
Mon, 05 Dec 2016 16:50:35 TotalCost.py[line:42] DEBUG 8825.0
Mon, 05 Dec 2016 16:50:35 TotalCost.py[line:42] DEBUG 7514.0
Mon, 05 Dec 2016 16:50:35 TotalCost.py[line:42] DEBUG 7514.0
Mon, 05 Dec 2016 16:50:35 TotalCost.py[line:42] DEBUG E304
Mon, 05 Dec 2016 16:50:35 TotalCost.py[line:42] DEBUG E304
Mon, 05 Dec 2016 16:50:35 TotalCost.py[line:42] DEBUG 8326.0
Mon, 05 Dec 2016 16:50:35 TotalCost.py[line:42] DEBUG 8326.0
Mon, 05 Dec 2016 16:50:35 TotalCost.py[line:42] DEBUG 1336.0
Mon, 05 Dec 2016 16:50:35 TotalCost.py[line:42] DEBUG 1336.0
Mon, 05 Dec 2016 16:50:35 TotalCost.py[line:42] DEBUG 1431.0
Mon, 05 Dec 2016 16:50:35 TotalCost.py[line:42] DEBUG 1431.0
Mon, 05 Dec 2016 16:50:35 TotalCost.py[line:42] DEBUG 9F36
Mon, 05 Dec 2016 16:50:35 TotalCost.py[line:42] DEBUG 9F36
Mon, 05 Dec 2016 16:50:35 TotalCost.py[line:42] DEBUG 
Mon, 05 Dec 2016 16:50:35 TotalCost.py[line:42] DEBUG 
Mon, 05 Dec 2016 16:50:35 TotalCost.py[line:42] DEBUG 5730.0
Mon, 05 Dec 2016 16:50:35 TotalCost.py[line:42] DEBUG 5730.0
Mon, 05 Dec 2016 16:50:35 TotalCost.py[line:42] DEBUG D250
Mon, 05 Dec 2016 16:50:35 TotalCost.py[line:42] DEBUG D250
Mon, 05 Dec 2016 16:50:35 TotalCost.py[line:42] DEBUG E575
Mon, 05 Dec 2016 16:50:35 TotalCost.py[line:42] DEBUG E575
Mon, 05 Dec 2016 16:50:35 TotalCost.py[line:42] DEBUG E576
Mon, 05 Dec 2016 16:50:35 TotalCost.py[line:42] DEBUG E576
Mon, 05 Dec 2016 16:50:35 TotalCost.py[line:42] DEBUG C362
Mon, 05 Dec 2016 16:50:35 TotalCost.py[line:42] DEBUG C362
Mon, 05 Dec 2016 16:50:35 TotalCost.py[line:42] DEBUG 5329.0
Mon, 05 Dec 2016 16:50:35 TotalCost.py[line:42] DEBUG 5329.0
Mon, 05 Dec 2016 16:50:35 TotalCost.py[line:42] DEBUG 7701.0
Mon, 05 Dec 2016 16:50:35 TotalCost.py[line:42] DEBUG 7701.0
Mon, 05 Dec 2016 16:50:35 TotalCost.py[line:42] DEBUG 1305.0
Mon, 05 Dec 2016 16:50:35 TotalCost.py[line:42] DEBUG 1305.0
Mon, 05 Dec 2016 16:50:35 TotalCost.py[line:42] DEBUG E522
Mon, 05 Dec 2016 16:50:35 TotalCost.py[line:42] DEBUG E522
Mon, 05 Dec 2016 16:50:35 TotalCost.py[line:42] DEBUG B201
Mon, 05 Dec 2016 16:50:35 TotalCost.py[line:42] DEBUG B201
Mon, 05 Dec 2016 16:50:35 TotalCost.py[line:42] DEBUG E705
Mon, 05 Dec 2016 16:50:35 TotalCost.py[line:42] DEBUG E705
Mon, 05 Dec 2016 16:50:35 TotalCost.py[line:42] DEBUG E638
Mon, 05 Dec 2016 16:50:35 TotalCost.py[line:42] DEBUG E638
Mon, 05 Dec 2016 16:50:35 TotalCost.py[line:42] DEBUG 740C
Mon, 05 Dec 2016 16:50:35 TotalCost.py[line:42] DEBUG 740C
Mon, 05 Dec 2016 16:50:35 TotalCost.py[line:42] DEBUG 1332.0
Mon, 05 Dec 2016 16:50:35 TotalCost.py[line:42] DEBUG 1332.0
Mon, 05 Dec 2016 16:50:35 TotalCost.py[line:42] DEBUG 7513.0
Mon, 05 Dec 2016 16:50:35 TotalCost.py[line:42] DEBUG 7513.0
Mon, 05 Dec 2016 16:50:35 TotalCost.py[line:42] DEBUG 5334.0
Mon, 05 Dec 2016 16:50:35 TotalCost.py[line:42] DEBUG 5334.0
Mon, 05 Dec 2016 16:50:35 TotalCost.py[line:42] DEBUG D262
Mon, 05 Dec 2016 16:50:35 TotalCost.py[line:42] DEBUG D262
Mon, 05 Dec 2016 16:50:35 TotalCost.py[line:42] DEBUG 2102.0
Mon, 05 Dec 2016 16:50:35 TotalCost.py[line:42] DEBUG 2102.0
Mon, 05 Dec 2016 16:50:35 TotalCost.py[line:42] DEBUG 5546.0
Mon, 05 Dec 2016 16:50:35 TotalCost.py[line:42] DEBUG 5546.0
Mon, 05 Dec 2016 16:50:35 TotalCost.py[line:42] DEBUG 3326.0
Mon, 05 Dec 2016 16:50:35 TotalCost.py[line:42] DEBUG 3326.0
Mon, 05 Dec 2016 16:50:35 TotalCost.py[line:42] DEBUG E344
Mon, 05 Dec 2016 16:50:35 TotalCost.py[line:42] DEBUG E344
Mon, 05 Dec 2016 16:50:35 TotalCost.py[line:42] DEBUG E340
Mon, 05 Dec 2016 16:50:35 TotalCost.py[line:42] DEBUG E340
Mon, 05 Dec 2016 16:50:35 TotalCost.py[line:42] DEBUG 10028.0
Mon, 05 Dec 2016 16:50:35 TotalCost.py[line:42] DEBUG 10028.0
Mon, 05 Dec 2016 16:50:35 TotalCost.py[line:42] DEBUG 8328.0
Mon, 05 Dec 2016 16:50:35 TotalCost.py[line:42] DEBUG 8328.0
Mon, 05 Dec 2016 16:50:35 TotalCost.py[line:42] DEBUG E231
Mon, 05 Dec 2016 16:50:35 TotalCost.py[line:42] DEBUG E231
Mon, 05 Dec 2016 16:50:35 TotalCost.py[line:42] DEBUG 5741.0
Mon, 05 Dec 2016 16:50:35 TotalCost.py[line:42] DEBUG 5741.0
Mon, 05 Dec 2016 16:50:35 TotalCost.py[line:42] DEBUG 5742.0
Mon, 05 Dec 2016 16:50:35 TotalCost.py[line:42] DEBUG 5742.0
Mon, 05 Dec 2016 16:50:35 TotalCost.py[line:42] DEBUG 5145.0
Mon, 05 Dec 2016 16:50:35 TotalCost.py[line:42] DEBUG 5145.0
Mon, 05 Dec 2016 16:50:35 TotalCost.py[line:42] DEBUG 5624.0
Mon, 05 Dec 2016 16:50:35 TotalCost.py[line:42] DEBUG 5624.0
Mon, 05 Dec 2016 16:50:35 TotalCost.py[line:42] DEBUG E441
Mon, 05 Dec 2016 16:50:35 TotalCost.py[line:42] DEBUG E441
Mon, 05 Dec 2016 16:50:35 TotalCost.py[line:42] DEBUG E514
Mon, 05 Dec 2016 16:50:35 TotalCost.py[line:42] DEBUG E514
Mon, 05 Dec 2016 16:50:35 TotalCost.py[line:42] DEBUG 8302.0
Mon, 05 Dec 2016 16:50:35 TotalCost.py[line:42] DEBUG 8302.0
Mon, 05 Dec 2016 16:50:35 TotalCost.py[line:42] DEBUG 8329.0
Mon, 05 Dec 2016 16:50:35 TotalCost.py[line:42] DEBUG 8329.0
Mon, 05 Dec 2016 16:50:35 TotalCost.py[line:42] DEBUG 5736.0
Mon, 05 Dec 2016 16:50:35 TotalCost.py[line:42] DEBUG 5736.0
Mon, 05 Dec 2016 16:50:35 TotalCost.py[line:42] DEBUG 5667.0
Mon, 05 Dec 2016 16:50:35 TotalCost.py[line:42] DEBUG 5667.0
Mon, 05 Dec 2016 16:50:35 TotalCost.py[line:42] DEBUG 
Mon, 05 Dec 2016 16:50:35 TotalCost.py[line:42] DEBUG 
Mon, 05 Dec 2016 16:50:35 TotalCost.py[line:42] DEBUG 5318.0
Mon, 05 Dec 2016 16:50:35 TotalCost.py[line:42] DEBUG 5318.0
Mon, 05 Dec 2016 16:50:35 TotalCost.py[line:42] DEBUG 770B
Mon, 05 Dec 2016 16:50:35 TotalCost.py[line:42] DEBUG 770B
Mon, 05 Dec 2016 16:50:35 TotalCost.py[line:42] DEBUG D511
Mon, 05 Dec 2016 16:50:35 TotalCost.py[line:42] DEBUG D511
Mon, 05 Dec 2016 16:50:35 TotalCost.py[line:42] DEBUG E639
Mon, 05 Dec 2016 16:50:35 TotalCost.py[line:42] DEBUG E639
Mon, 05 Dec 2016 16:50:35 TotalCost.py[line:42] DEBUG E640
Mon, 05 Dec 2016 16:50:35 TotalCost.py[line:42] DEBUG E640
Mon, 05 Dec 2016 16:50:35 TotalCost.py[line:42] DEBUG 5666.0
Mon, 05 Dec 2016 16:50:35 TotalCost.py[line:42] DEBUG 5666.0
Mon, 05 Dec 2016 16:50:35 TotalCost.py[line:42] DEBUG E423
Mon, 05 Dec 2016 16:50:35 TotalCost.py[line:42] DEBUG E423
Mon, 05 Dec 2016 16:50:35 TotalCost.py[line:42] DEBUG E444
Mon, 05 Dec 2016 16:50:35 TotalCost.py[line:42] DEBUG 4817.0
Mon, 05 Dec 2016 16:50:35 TotalCost.py[line:42] DEBUG 4817.0
Mon, 05 Dec 2016 16:50:35 TotalCost.py[line:42] DEBUG 5668.0
Mon, 05 Dec 2016 16:50:35 TotalCost.py[line:42] DEBUG 5668.0
Mon, 05 Dec 2016 16:50:35 TotalCost.py[line:42] DEBUG 240F
Mon, 05 Dec 2016 16:50:35 TotalCost.py[line:42] DEBUG 240F
Mon, 05 Dec 2016 16:50:35 TotalCost.py[line:42] DEBUG 2401.0
Mon, 05 Dec 2016 16:50:35 TotalCost.py[line:42] DEBUG 2401.0
Mon, 05 Dec 2016 16:50:35 TotalCost.py[line:42] DEBUG 143F
Mon, 05 Dec 2016 16:50:35 TotalCost.py[line:42] DEBUG 143F
Mon, 05 Dec 2016 16:50:35 TotalCost.py[line:42] DEBUG 1424.0
Mon, 05 Dec 2016 16:50:35 TotalCost.py[line:42] DEBUG 1424.0
Mon, 05 Dec 2016 16:50:35 TotalCost.py[line:42] DEBUG 1432.0
Mon, 05 Dec 2016 16:50:35 TotalCost.py[line:42] DEBUG 1432.0
Mon, 05 Dec 2016 16:50:35 TotalCost.py[line:42] DEBUG 240D
Mon, 05 Dec 2016 16:50:35 TotalCost.py[line:42] DEBUG 240D
Mon, 05 Dec 2016 16:50:35 TotalCost.py[line:42] DEBUG 7726.0
Mon, 05 Dec 2016 16:50:35 TotalCost.py[line:42] DEBUG 7726.0
Mon, 05 Dec 2016 16:50:35 TotalCost.py[line:42] DEBUG 7714.0
Mon, 05 Dec 2016 16:50:35 TotalCost.py[line:42] DEBUG 7714.0
Mon, 05 Dec 2016 16:50:35 TotalCost.py[line:42] DEBUG E447
Mon, 05 Dec 2016 16:50:35 TotalCost.py[line:42] DEBUG E447
Mon, 05 Dec 2016 16:50:35 TotalCost.py[line:42] DEBUG 7112.0
Mon, 05 Dec 2016 16:50:35 TotalCost.py[line:42] DEBUG 7112.0
Mon, 05 Dec 2016 16:50:35 TotalCost.py[line:42] DEBUG 5648.0
Mon, 05 Dec 2016 16:50:35 TotalCost.py[line:42] DEBUG 5648.0
Mon, 05 Dec 2016 16:50:35 TotalCost.py[line:42] DEBUG 5548.0
Mon, 05 Dec 2016 16:50:35 TotalCost.py[line:42] DEBUG 5548.0
Mon, 05 Dec 2016 16:50:35 TotalCost.py[line:42] DEBUG 8331.0
Mon, 05 Dec 2016 16:50:35 TotalCost.py[line:42] DEBUG 8331.0
Mon, 05 Dec 2016 16:50:35 TotalCost.py[line:42] DEBUG 5417.0
Mon, 05 Dec 2016 16:50:35 TotalCost.py[line:42] DEBUG 5417.0
Mon, 05 Dec 2016 16:50:35 TotalCost.py[line:42] DEBUG 1175.0
Mon, 05 Dec 2016 16:50:35 TotalCost.py[line:42] DEBUG 1175.0
Mon, 05 Dec 2016 16:50:35 TotalCost.py[line:42] DEBUG 7635.0
Mon, 05 Dec 2016 16:50:35 TotalCost.py[line:42] DEBUG 7635.0
Mon, 05 Dec 2016 16:50:35 TotalCost.py[line:42] DEBUG D281
Mon, 05 Dec 2016 16:50:35 TotalCost.py[line:42] DEBUG D281
Mon, 05 Dec 2016 16:50:35 TotalCost.py[line:42] DEBUG E446
Mon, 05 Dec 2016 16:50:35 TotalCost.py[line:42] DEBUG E446
Mon, 05 Dec 2016 16:50:35 TotalCost.py[line:42] DEBUG E445
Mon, 05 Dec 2016 16:50:35 TotalCost.py[line:42] DEBUG 
Mon, 05 Dec 2016 16:50:35 TotalCost.py[line:42] DEBUG 
Mon, 05 Dec 2016 16:50:35 TotalCost.py[line:42] DEBUG 
Mon, 05 Dec 2016 16:50:35 TotalCost.py[line:42] DEBUG 
Mon, 05 Dec 2016 16:50:35 TotalCost.py[line:42] DEBUG 7303.0
Mon, 05 Dec 2016 16:50:35 TotalCost.py[line:42] DEBUG 7303.0
Mon, 05 Dec 2016 16:50:35 TotalCost.py[line:42] DEBUG E203
Mon, 05 Dec 2016 16:50:35 TotalCost.py[line:42] DEBUG E203
Mon, 05 Dec 2016 16:50:35 TotalCost.py[line:42] DEBUG 
Mon, 05 Dec 2016 16:50:35 TotalCost.py[line:42] DEBUG 5556.0
Mon, 05 Dec 2016 16:50:35 TotalCost.py[line:42] DEBUG 5556.0
Mon, 05 Dec 2016 16:50:35 TotalCost.py[line:42] DEBUG D326
Mon, 05 Dec 2016 16:50:35 TotalCost.py[line:42] DEBUG D326
Mon, 05 Dec 2016 16:50:35 TotalCost.py[line:42] DEBUG E232
Mon, 05 Dec 2016 16:50:35 TotalCost.py[line:42] DEBUG E232
Mon, 05 Dec 2016 16:50:35 TotalCost.py[line:42] DEBUG 
Mon, 05 Dec 2016 16:50:35 TotalCost.py[line:42] DEBUG 
Mon, 05 Dec 2016 16:50:35 TotalCost.py[line:42] DEBUG 
Mon, 05 Dec 2016 16:50:35 TotalCost.py[line:42] DEBUG 
Mon, 05 Dec 2016 16:50:35 TotalCost.py[line:42] DEBUG 
Mon, 05 Dec 2016 16:50:35 TotalCost.py[line:42] DEBUG 
Mon, 05 Dec 2016 16:50:35 TotalCost.py[line:42] DEBUG 
Mon, 05 Dec 2016 16:50:35 TotalCost.py[line:42] DEBUG 
Mon, 05 Dec 2016 16:50:35 TotalCost.py[line:42] DEBUG 
Mon, 05 Dec 2016 16:50:35 TotalCost.py[line:42] DEBUG 
Mon, 05 Dec 2016 16:50:35 TotalCost.py[line:42] DEBUG 
Mon, 05 Dec 2016 16:50:35 TotalCost.py[line:42] DEBUG 
Mon, 05 Dec 2016 16:50:35 TotalCost.py[line:42] DEBUG 
Mon, 05 Dec 2016 16:50:35 TotalCost.py[line:42] DEBUG 
Mon, 05 Dec 2016 16:50:35 TotalCost.py[line:42] DEBUG 
Mon, 05 Dec 2016 16:50:35 TotalCost.py[line:42] DEBUG 
Mon, 05 Dec 2016 16:50:35 TotalCost.py[line:42] DEBUG 
Mon, 05 Dec 2016 16:50:35 TotalCost.py[line:42] DEBUG 
Mon, 05 Dec 2016 16:50:35 TotalCost.py[line:42] DEBUG 
Mon, 05 Dec 2016 16:50:35 TotalCost.py[line:42] DEBUG 
Mon, 05 Dec 2016 16:50:35 TotalCost.py[line:42] DEBUG 
Mon, 05 Dec 2016 16:50:35 TotalCost.py[line:42] DEBUG 
Mon, 05 Dec 2016 16:50:35 TotalCost.py[line:42] DEBUG 
Mon, 05 Dec 2016 16:50:35 TotalCost.py[line:42] DEBUG 
Mon, 05 Dec 2016 16:50:35 TotalCost.py[line:42] DEBUG 
Mon, 05 Dec 2016 16:50:35 TotalCost.py[line:42] DEBUG 
Mon, 05 Dec 2016 16:50:35 TotalCost.py[line:42] DEBUG 
Mon, 05 Dec 2016 16:50:35 TotalCost.py[line:42] DEBUG 
Mon, 05 Dec 2016 16:50:35 TotalCost.py[line:42] DEBUG 
Mon, 05 Dec 2016 16:50:35 TotalCost.py[line:42] DEBUG 
Mon, 05 Dec 2016 16:50:35 TotalCost.py[line:42] DEBUG 
Mon, 05 Dec 2016 16:50:35 TotalCost.py[line:42] DEBUG 
Mon, 05 Dec 2016 16:50:35 TotalCost.py[line:42] DEBUG 
Mon, 05 Dec 2016 16:50:35 TotalCost.py[line:42] DEBUG 
Mon, 05 Dec 2016 16:50:35 TotalCost.py[line:42] DEBUG 
Mon, 05 Dec 2016 16:50:35 TotalCost.py[line:42] DEBUG E448
Mon, 05 Dec 2016 16:50:35 TotalCost.py[line:42] DEBUG E448
Mon, 05 Dec 2016 16:50:35 TotalCost.py[line:42] DEBUG 5617.0
Mon, 05 Dec 2016 16:50:35 TotalCost.py[line:42] DEBUG 5617.0
Mon, 05 Dec 2016 16:50:35 TotalCost.py[line:42] DEBUG 7402.0
Mon, 05 Dec 2016 16:50:35 TotalCost.py[line:42] DEBUG 7402.0
Mon, 05 Dec 2016 16:50:35 TotalCost.py[line:42] DEBUG 3516.0
Mon, 05 Dec 2016 16:50:35 TotalCost.py[line:42] DEBUG 3516.0
Mon, 05 Dec 2016 16:50:35 TotalCost.py[line:42] DEBUG 1184.0
Mon, 05 Dec 2016 16:50:35 TotalCost.py[line:42] DEBUG 1184.0
Mon, 05 Dec 2016 16:50:35 TotalCost.py[line:42] DEBUG 3140.0
Mon, 05 Dec 2016 16:50:35 TotalCost.py[line:42] DEBUG 3140.0
Mon, 05 Dec 2016 16:50:35 TotalCost.py[line:42] DEBUG 3106.0
Mon, 05 Dec 2016 16:50:35 TotalCost.py[line:42] DEBUG 3106.0
Mon, 05 Dec 2016 16:50:35 TotalCost.py[line:42] DEBUG 3161.0
Mon, 05 Dec 2016 16:50:35 TotalCost.py[line:42] DEBUG 3161.0
Mon, 05 Dec 2016 16:50:35 TotalCost.py[line:42] DEBUG 5903.0
Mon, 05 Dec 2016 16:50:35 TotalCost.py[line:42] DEBUG 5903.0
Mon, 05 Dec 2016 16:50:35 TotalCost.py[line:42] DEBUG 5101.0
Mon, 05 Dec 2016 16:50:35 TotalCost.py[line:42] DEBUG 5101.0
Mon, 05 Dec 2016 16:50:35 TotalCost.py[line:42] DEBUG 3125.0
Mon, 05 Dec 2016 16:50:35 TotalCost.py[line:42] DEBUG 3125.0
Mon, 05 Dec 2016 16:50:35 TotalCost.py[line:42] DEBUG 5640.0
Mon, 05 Dec 2016 16:50:35 TotalCost.py[line:42] DEBUG 5640.0
Mon, 05 Dec 2016 16:50:35 TotalCost.py[line:42] DEBUG 5639.0
Mon, 05 Dec 2016 16:50:35 TotalCost.py[line:42] DEBUG 5639.0
Mon, 05 Dec 2016 16:50:35 TotalCost.py[line:42] DEBUG D113
Mon, 05 Dec 2016 16:50:35 TotalCost.py[line:42] DEBUG D114
Mon, 05 Dec 2016 16:50:35 TotalCost.py[line:42] DEBUG D115
Mon, 05 Dec 2016 16:50:35 TotalCost.py[line:42] DEBUG B103
Mon, 05 Dec 2016 16:50:35 TotalCost.py[line:42] DEBUG B103
Mon, 05 Dec 2016 16:50:35 TotalCost.py[line:42] DEBUG 9117.0
Mon, 05 Dec 2016 16:50:35 TotalCost.py[line:42] DEBUG E207
Mon, 05 Dec 2016 16:50:35 TotalCost.py[line:42] DEBUG E210
Mon, 05 Dec 2016 16:50:35 TotalCost.py[line:42] DEBUG E213
Mon, 05 Dec 2016 16:50:35 TotalCost.py[line:42] DEBUG 7501.0
Mon, 05 Dec 2016 16:50:35 TotalCost.py[line:42] DEBUG 7501.0
Mon, 05 Dec 2016 16:50:35 TotalCost.py[line:42] DEBUG 7633.0
Mon, 05 Dec 2016 16:50:35 TotalCost.py[line:42] DEBUG 7633.0
Mon, 05 Dec 2016 16:50:35 TotalCost.py[line:42] DEBUG 7301.0
Mon, 05 Dec 2016 16:50:35 TotalCost.py[line:42] DEBUG 7301.0
Mon, 05 Dec 2016 16:50:35 TotalCost.py[line:42] DEBUG 5F04
Mon, 05 Dec 2016 16:50:35 TotalCost.py[line:42] DEBUG 5F04
Mon, 05 Dec 2016 16:50:35 TotalCost.py[line:42] DEBUG 5114.0
Mon, 05 Dec 2016 16:50:35 TotalCost.py[line:42] DEBUG 5114.0
Mon, 05 Dec 2016 16:50:35 TotalCost.py[line:42] DEBUG 5657.0
Mon, 05 Dec 2016 16:50:35 TotalCost.py[line:42] DEBUG 5657.0
Mon, 05 Dec 2016 16:50:35 TotalCost.py[line:42] DEBUG 5641.0
Mon, 05 Dec 2016 16:50:35 TotalCost.py[line:42] DEBUG 5641.0
Mon, 05 Dec 2016 16:50:35 TotalCost.py[line:42] DEBUG 7402.0
Mon, 05 Dec 2016 16:50:35 TotalCost.py[line:42] DEBUG 7402.0
Mon, 05 Dec 2016 16:50:35 TotalCost.py[line:42] DEBUG 4109.0
Mon, 05 Dec 2016 16:50:35 TotalCost.py[line:42] DEBUG 4109.0
Mon, 05 Dec 2016 16:50:35 TotalCost.py[line:42] DEBUG 8153.0
Mon, 05 Dec 2016 16:50:35 TotalCost.py[line:42] DEBUG 8153.0
Mon, 05 Dec 2016 16:50:35 TotalCost.py[line:42] DEBUG 5502.0
Mon, 05 Dec 2016 16:50:35 TotalCost.py[line:42] DEBUG 5502.0
Mon, 05 Dec 2016 16:50:35 TotalCost.py[line:42] DEBUG 5504.0
Mon, 05 Dec 2016 16:50:35 TotalCost.py[line:42] DEBUG 5504.0
Mon, 05 Dec 2016 16:50:35 TotalCost.py[line:42] DEBUG E306
Mon, 05 Dec 2016 16:50:35 TotalCost.py[line:42] DEBUG E306
Mon, 05 Dec 2016 16:50:35 TotalCost.py[line:42] DEBUG E222
Mon, 05 Dec 2016 16:50:35 TotalCost.py[line:42] DEBUG E115
Mon, 05 Dec 2016 16:50:35 TotalCost.py[line:42] DEBUG E115
Mon, 05 Dec 2016 16:50:35 TotalCost.py[line:42] DEBUG E107
Mon, 05 Dec 2016 16:50:35 TotalCost.py[line:42] DEBUG E107
Mon, 05 Dec 2016 16:50:35 TotalCost.py[line:42] DEBUG E220
Mon, 05 Dec 2016 16:50:35 TotalCost.py[line:42] DEBUG E220
Mon, 05 Dec 2016 16:50:35 TotalCost.py[line:42] DEBUG 7F19
Mon, 05 Dec 2016 16:50:35 TotalCost.py[line:42] DEBUG 7F19
Mon, 05 Dec 2016 16:50:35 TotalCost.py[line:42] DEBUG E307
Mon, 05 Dec 2016 16:50:35 TotalCost.py[line:42] DEBUG E307
Mon, 05 Dec 2016 16:50:35 TotalCost.py[line:42] DEBUG 9153.0
Mon, 05 Dec 2016 16:50:35 TotalCost.py[line:42] DEBUG 9153.0
Mon, 05 Dec 2016 16:50:35 TotalCost.py[line:42] DEBUG 9203.0
Mon, 05 Dec 2016 16:50:35 TotalCost.py[line:42] DEBUG 9203.0
Mon, 05 Dec 2016 16:50:35 TotalCost.py[line:42] DEBUG 
Mon, 05 Dec 2016 16:50:35 TotalCost.py[line:42] DEBUG 
Mon, 05 Dec 2016 16:50:35 TotalCost.py[line:42] DEBUG 5301.0
Mon, 05 Dec 2016 16:50:35 TotalCost.py[line:42] DEBUG 5301.0
Mon, 05 Dec 2016 16:50:35 TotalCost.py[line:42] DEBUG 5313.0
Mon, 05 Dec 2016 16:50:35 TotalCost.py[line:42] DEBUG 5313.0
Mon, 05 Dec 2016 16:50:35 TotalCost.py[line:42] DEBUG 4144.0
Mon, 05 Dec 2016 16:50:35 TotalCost.py[line:42] DEBUG 4144.0
Mon, 05 Dec 2016 16:50:35 TotalCost.py[line:42] DEBUG 9202.0
Mon, 05 Dec 2016 16:50:35 TotalCost.py[line:42] DEBUG 9202.0
Mon, 05 Dec 2016 16:50:35 TotalCost.py[line:42] DEBUG 9003.0
Mon, 05 Dec 2016 16:50:35 TotalCost.py[line:42] DEBUG 9003.0
Mon, 05 Dec 2016 16:50:35 TotalCost.py[line:42] DEBUG 8155.0
Mon, 05 Dec 2016 16:50:35 TotalCost.py[line:42] DEBUG 8155.0
Mon, 05 Dec 2016 16:50:35 TotalCost.py[line:42] DEBUG 5406.0
Mon, 05 Dec 2016 16:50:35 TotalCost.py[line:42] DEBUG 5406.0
Mon, 05 Dec 2016 16:50:35 TotalCost.py[line:42] DEBUG 5411.0
Mon, 05 Dec 2016 16:50:35 TotalCost.py[line:42] DEBUG 5411.0
Mon, 05 Dec 2016 16:50:35 TotalCost.py[line:42] DEBUG 5513.0
Mon, 05 Dec 2016 16:50:35 TotalCost.py[line:42] DEBUG 5513.0
Mon, 05 Dec 2016 16:50:35 TotalCost.py[line:42] DEBUG 5408.0
Mon, 05 Dec 2016 16:50:35 TotalCost.py[line:42] DEBUG 5408.0
Mon, 05 Dec 2016 16:50:35 TotalCost.py[line:42] DEBUG 5324.0
Mon, 05 Dec 2016 16:50:35 TotalCost.py[line:42] DEBUG 5324.0
Mon, 05 Dec 2016 16:50:35 TotalCost.py[line:42] DEBUG 5508.0
Mon, 05 Dec 2016 16:50:35 TotalCost.py[line:42] DEBUG 5508.0
Mon, 05 Dec 2016 16:50:35 TotalCost.py[line:42] DEBUG 5113.0
Mon, 05 Dec 2016 16:50:35 TotalCost.py[line:42] DEBUG 5113.0
Mon, 05 Dec 2016 16:50:35 TotalCost.py[line:42] DEBUG 5405.0
Mon, 05 Dec 2016 16:50:35 TotalCost.py[line:42] DEBUG 5405.0
Mon, 05 Dec 2016 16:50:35 TotalCost.py[line:42] DEBUG 5407.0
Mon, 05 Dec 2016 16:50:35 TotalCost.py[line:42] DEBUG 5407.0
Mon, 05 Dec 2016 16:50:35 TotalCost.py[line:42] DEBUG 8201.0
Mon, 05 Dec 2016 16:50:35 TotalCost.py[line:42] DEBUG 8201.0
Mon, 05 Dec 2016 16:50:35 TotalCost.py[line:42] DEBUG 4145.0
Mon, 05 Dec 2016 16:50:35 TotalCost.py[line:42] DEBUG 4145.0
Mon, 05 Dec 2016 16:50:35 TotalCost.py[line:42] DEBUG E117
Mon, 05 Dec 2016 16:50:35 TotalCost.py[line:42] DEBUG E117
Mon, 05 Dec 2016 16:50:35 TotalCost.py[line:42] DEBUG E121
Mon, 05 Dec 2016 16:50:35 TotalCost.py[line:42] DEBUG E121
Mon, 05 Dec 2016 16:50:35 TotalCost.py[line:42] DEBUG E120
Mon, 05 Dec 2016 16:50:35 TotalCost.py[line:42] DEBUG E120
Mon, 05 Dec 2016 16:50:35 TotalCost.py[line:42] DEBUG 9204.0
Mon, 05 Dec 2016 16:50:35 TotalCost.py[line:42] DEBUG 9204.0
Mon, 05 Dec 2016 16:50:35 TotalCost.py[line:42] DEBUG 4146.0
Mon, 05 Dec 2016 16:50:35 TotalCost.py[line:42] DEBUG 4146.0
Mon, 05 Dec 2016 16:50:35 TotalCost.py[line:42] DEBUG 5123.0
Mon, 05 Dec 2016 16:50:35 TotalCost.py[line:42] DEBUG 5123.0
Mon, 05 Dec 2016 16:50:35 TotalCost.py[line:42] DEBUG E315
Mon, 05 Dec 2016 16:50:35 TotalCost.py[line:42] DEBUG E315
Mon, 05 Dec 2016 16:50:35 TotalCost.py[line:42] DEBUG 9126.0
Mon, 05 Dec 2016 16:50:35 TotalCost.py[line:42] DEBUG 9151.0
Mon, 05 Dec 2016 16:50:35 TotalCost.py[line:42] DEBUG 9151.0
Mon, 05 Dec 2016 16:50:35 TotalCost.py[line:42] DEBUG E316
Mon, 05 Dec 2016 16:50:35 TotalCost.py[line:42] DEBUG E316
Mon, 05 Dec 2016 16:50:35 TotalCost.py[line:42] DEBUG 8173.0
Mon, 05 Dec 2016 16:50:35 TotalCost.py[line:42] DEBUG 8173.0
Mon, 05 Dec 2016 16:50:35 TotalCost.py[line:42] DEBUG 8177.0
Mon, 05 Dec 2016 16:50:35 TotalCost.py[line:42] DEBUG 8177.0
Mon, 05 Dec 2016 16:50:35 TotalCost.py[line:42] DEBUG 7F28
Mon, 05 Dec 2016 16:50:35 TotalCost.py[line:42] DEBUG 7F28
Mon, 05 Dec 2016 16:50:35 TotalCost.py[line:42] DEBUG 7F29
Mon, 05 Dec 2016 16:50:35 TotalCost.py[line:42] DEBUG 7F29
Mon, 05 Dec 2016 16:50:35 TotalCost.py[line:42] DEBUG 7F40
Mon, 05 Dec 2016 16:50:35 TotalCost.py[line:42] DEBUG 7F40
Mon, 05 Dec 2016 16:50:35 TotalCost.py[line:42] DEBUG 7F39
Mon, 05 Dec 2016 16:50:35 TotalCost.py[line:42] DEBUG 7F39
Mon, 05 Dec 2016 16:50:35 TotalCost.py[line:42] DEBUG 7F38
Mon, 05 Dec 2016 16:50:35 TotalCost.py[line:42] DEBUG 7F38
Mon, 05 Dec 2016 16:50:35 TotalCost.py[line:42] DEBUG 7F25
Mon, 05 Dec 2016 16:50:35 TotalCost.py[line:42] DEBUG 7F25
Mon, 05 Dec 2016 16:50:35 TotalCost.py[line:42] DEBUG 7F36
Mon, 05 Dec 2016 16:50:35 TotalCost.py[line:42] DEBUG 7F36
Mon, 05 Dec 2016 16:50:35 TotalCost.py[line:42] DEBUG 7F32
Mon, 05 Dec 2016 16:50:35 TotalCost.py[line:42] DEBUG 7F32
Mon, 05 Dec 2016 16:50:35 TotalCost.py[line:42] DEBUG 7F34
Mon, 05 Dec 2016 16:50:35 TotalCost.py[line:42] DEBUG 7F34
Mon, 05 Dec 2016 16:50:35 TotalCost.py[line:42] DEBUG 9F22
Mon, 05 Dec 2016 16:50:35 TotalCost.py[line:42] DEBUG 9F22
Mon, 05 Dec 2016 16:50:35 TotalCost.py[line:42] DEBUG 9006.0
Mon, 05 Dec 2016 16:50:35 TotalCost.py[line:42] DEBUG 9006.0
Mon, 05 Dec 2016 16:50:35 TotalCost.py[line:42] DEBUG 
Mon, 05 Dec 2016 16:50:35 TotalCost.py[line:42] DEBUG 
Mon, 05 Dec 2016 16:50:35 TotalCost.py[line:42] DEBUG 1156.0
Mon, 05 Dec 2016 16:50:35 TotalCost.py[line:42] DEBUG 1156.0
Mon, 05 Dec 2016 16:50:35 TotalCost.py[line:42] DEBUG 4142.0
Mon, 05 Dec 2016 16:50:35 TotalCost.py[line:42] DEBUG 4142.0
Mon, 05 Dec 2016 16:50:35 TotalCost.py[line:42] DEBUG 4101.0
Mon, 05 Dec 2016 16:50:35 TotalCost.py[line:42] DEBUG 4101.0
Mon, 05 Dec 2016 16:50:35 TotalCost.py[line:42] DEBUG 4104.0
Mon, 05 Dec 2016 16:50:35 TotalCost.py[line:42] DEBUG 4104.0
Mon, 05 Dec 2016 16:50:35 TotalCost.py[line:42] DEBUG D119
Mon, 05 Dec 2016 16:50:35 TotalCost.py[line:42] DEBUG D119
Mon, 05 Dec 2016 16:50:35 TotalCost.py[line:42] DEBUG 3164.0
Mon, 05 Dec 2016 16:50:35 TotalCost.py[line:42] DEBUG 3164.0
Mon, 05 Dec 2016 16:50:35 TotalCost.py[line:42] DEBUG 9155.0
Mon, 05 Dec 2016 16:50:35 TotalCost.py[line:42] DEBUG 9155.0
Mon, 05 Dec 2016 16:50:35 TotalCost.py[line:42] DEBUG 8180.0
Mon, 05 Dec 2016 16:50:35 TotalCost.py[line:42] DEBUG 8180.0
Mon, 05 Dec 2016 16:50:35 TotalCost.py[line:42] DEBUG 9205.0
Mon, 05 Dec 2016 16:50:35 TotalCost.py[line:42] DEBUG 9205.0
Mon, 05 Dec 2016 16:50:35 TotalCost.py[line:42] DEBUG 2117.0
Mon, 05 Dec 2016 16:50:35 TotalCost.py[line:42] DEBUG 2117.0
Mon, 05 Dec 2016 16:50:35 TotalCost.py[line:42] DEBUG 9004.0
Mon, 05 Dec 2016 16:50:35 TotalCost.py[line:42] DEBUG 9004.0
Mon, 05 Dec 2016 16:50:35 TotalCost.py[line:42] DEBUG D118
Mon, 05 Dec 2016 16:50:35 TotalCost.py[line:42] DEBUG E118
Mon, 05 Dec 2016 16:50:35 TotalCost.py[line:42] DEBUG E118
Mon, 05 Dec 2016 16:50:35 TotalCost.py[line:42] DEBUG E303
Mon, 05 Dec 2016 16:50:35 TotalCost.py[line:42] DEBUG E303
Mon, 05 Dec 2016 16:50:35 TotalCost.py[line:42] DEBUG 5125.0
Mon, 05 Dec 2016 16:50:35 TotalCost.py[line:42] DEBUG 5125.0
Mon, 05 Dec 2016 16:50:35 TotalCost.py[line:42] DEBUG 8303.0
Mon, 05 Dec 2016 16:50:35 TotalCost.py[line:42] DEBUG 8303.0
Mon, 05 Dec 2016 16:50:35 TotalCost.py[line:42] DEBUG 5126.0
Mon, 05 Dec 2016 16:50:35 TotalCost.py[line:42] DEBUG 5126.0
Mon, 05 Dec 2016 16:50:35 TotalCost.py[line:42] DEBUG 9157.0
Mon, 05 Dec 2016 16:50:35 TotalCost.py[line:42] DEBUG 9157.0
Mon, 05 Dec 2016 16:50:35 TotalCost.py[line:42] DEBUG 9156.0
Mon, 05 Dec 2016 16:50:35 TotalCost.py[line:42] DEBUG 9156.0
Mon, 05 Dec 2016 16:50:35 TotalCost.py[line:42] DEBUG 8172.0
Mon, 05 Dec 2016 16:50:35 TotalCost.py[line:42] DEBUG 8172.0
Mon, 05 Dec 2016 16:50:35 TotalCost.py[line:42] DEBUG E217
Mon, 05 Dec 2016 16:50:35 TotalCost.py[line:42] DEBUG E217
Mon, 05 Dec 2016 16:50:35 TotalCost.py[line:42] DEBUG E318
Mon, 05 Dec 2016 16:50:35 TotalCost.py[line:42] DEBUG E318
Mon, 05 Dec 2016 16:50:35 TotalCost.py[line:42] DEBUG D206
Mon, 05 Dec 2016 16:50:35 TotalCost.py[line:42] DEBUG D206
Mon, 05 Dec 2016 16:50:35 TotalCost.py[line:42] DEBUG 2135.0
Mon, 05 Dec 2016 16:50:35 TotalCost.py[line:42] DEBUG 2135.0
Mon, 05 Dec 2016 16:50:35 TotalCost.py[line:42] DEBUG 8208.0
Mon, 05 Dec 2016 16:50:35 TotalCost.py[line:42] DEBUG 8208.0
Mon, 05 Dec 2016 16:50:35 TotalCost.py[line:42] DEBUG 7511.0
Mon, 05 Dec 2016 16:50:35 TotalCost.py[line:42] DEBUG 7511.0
Mon, 05 Dec 2016 16:50:35 TotalCost.py[line:42] DEBUG 8301.0
Mon, 05 Dec 2016 16:50:35 TotalCost.py[line:42] DEBUG 8301.0
Mon, 05 Dec 2016 16:50:35 TotalCost.py[line:42] DEBUG E229
Mon, 05 Dec 2016 16:50:35 TotalCost.py[line:42] DEBUG E229
Mon, 05 Dec 2016 16:50:35 TotalCost.py[line:42] DEBUG 9007.0
Mon, 05 Dec 2016 16:50:35 TotalCost.py[line:42] DEBUG 9007.0
Mon, 05 Dec 2016 16:50:35 TotalCost.py[line:42] DEBUG 8157.0
Mon, 05 Dec 2016 16:50:35 TotalCost.py[line:42] DEBUG 8157.0
Mon, 05 Dec 2016 16:50:35 TotalCost.py[line:42] DEBUG 9008.0
Mon, 05 Dec 2016 16:50:35 TotalCost.py[line:42] DEBUG 9008.0
Mon, 05 Dec 2016 16:50:35 TotalCost.py[line:42] DEBUG D301
Mon, 05 Dec 2016 16:50:35 TotalCost.py[line:42] DEBUG D301
Mon, 05 Dec 2016 16:50:35 TotalCost.py[line:42] DEBUG D315
Mon, 05 Dec 2016 16:50:35 TotalCost.py[line:42] DEBUG D315
Mon, 05 Dec 2016 16:50:35 TotalCost.py[line:42] DEBUG D311
Mon, 05 Dec 2016 16:50:35 TotalCost.py[line:42] DEBUG D311
Mon, 05 Dec 2016 16:50:35 TotalCost.py[line:42] DEBUG D308
Mon, 05 Dec 2016 16:50:35 TotalCost.py[line:42] DEBUG D308
Mon, 05 Dec 2016 16:50:35 TotalCost.py[line:42] DEBUG D210
Mon, 05 Dec 2016 16:50:35 TotalCost.py[line:42] DEBUG D210
Mon, 05 Dec 2016 16:50:35 TotalCost.py[line:42] DEBUG D313
Mon, 05 Dec 2016 16:50:35 TotalCost.py[line:42] DEBUG D313
Mon, 05 Dec 2016 16:50:35 TotalCost.py[line:42] DEBUG D312
Mon, 05 Dec 2016 16:50:35 TotalCost.py[line:42] DEBUG D312
Mon, 05 Dec 2016 16:50:35 TotalCost.py[line:42] DEBUG 9159.0
Mon, 05 Dec 2016 16:50:35 TotalCost.py[line:42] DEBUG 9159.0
Mon, 05 Dec 2016 16:50:35 TotalCost.py[line:42] DEBUG 8183.0
Mon, 05 Dec 2016 16:50:35 TotalCost.py[line:42] DEBUG 8183.0
Mon, 05 Dec 2016 16:50:35 TotalCost.py[line:42] DEBUG 5534.0
Mon, 05 Dec 2016 16:50:35 TotalCost.py[line:42] DEBUG 5534.0
Mon, 05 Dec 2016 16:50:35 TotalCost.py[line:42] DEBUG 5532.0
Mon, 05 Dec 2016 16:50:35 TotalCost.py[line:42] DEBUG 5532.0
Mon, 05 Dec 2016 16:50:35 TotalCost.py[line:42] DEBUG E402
Mon, 05 Dec 2016 16:50:35 TotalCost.py[line:42] DEBUG E402
Mon, 05 Dec 2016 16:50:35 TotalCost.py[line:42] DEBUG 5805.0
Mon, 05 Dec 2016 16:50:35 TotalCost.py[line:42] DEBUG 5805.0
Mon, 05 Dec 2016 16:50:35 TotalCost.py[line:42] DEBUG 9160.0
Mon, 05 Dec 2016 16:50:35 TotalCost.py[line:42] DEBUG 9160.0
Mon, 05 Dec 2016 16:50:35 TotalCost.py[line:42] DEBUG 
Mon, 05 Dec 2016 16:50:35 TotalCost.py[line:42] DEBUG 
Mon, 05 Dec 2016 16:50:35 TotalCost.py[line:42] DEBUG 
Mon, 05 Dec 2016 16:50:35 TotalCost.py[line:42] DEBUG 
Mon, 05 Dec 2016 16:50:35 TotalCost.py[line:42] DEBUG D212
Mon, 05 Dec 2016 16:50:35 TotalCost.py[line:42] DEBUG D212
Mon, 05 Dec 2016 16:50:35 TotalCost.py[line:42] DEBUG 8159.0
Mon, 05 Dec 2016 16:50:35 TotalCost.py[line:42] DEBUG 8159.0
Mon, 05 Dec 2016 16:50:35 TotalCost.py[line:42] DEBUG 8606.0
Mon, 05 Dec 2016 16:50:35 TotalCost.py[line:42] DEBUG 8606.0
Mon, 05 Dec 2016 16:50:35 TotalCost.py[line:42] DEBUG 4149.0
Mon, 05 Dec 2016 16:50:35 TotalCost.py[line:42] DEBUG 4149.0
Mon, 05 Dec 2016 16:50:35 TotalCost.py[line:42] DEBUG 8211.0
Mon, 05 Dec 2016 16:50:35 TotalCost.py[line:42] DEBUG 8213.0
Mon, 05 Dec 2016 16:50:35 TotalCost.py[line:42] DEBUG B102
Mon, 05 Dec 2016 16:50:35 TotalCost.py[line:42] DEBUG B102
Mon, 05 Dec 2016 16:50:35 TotalCost.py[line:42] DEBUG 8217.0
Mon, 05 Dec 2016 16:50:35 TotalCost.py[line:42] DEBUG 8227.0
Mon, 05 Dec 2016 16:50:35 TotalCost.py[line:42] DEBUG 8230.0
Mon, 05 Dec 2016 16:50:35 TotalCost.py[line:42] DEBUG 8232.0
Mon, 05 Dec 2016 16:50:35 TotalCost.py[line:42] DEBUG 8701.0
Mon, 05 Dec 2016 16:50:35 TotalCost.py[line:42] DEBUG 8701.0
Mon, 05 Dec 2016 16:50:35 TotalCost.py[line:42] DEBUG 3167.0
Mon, 05 Dec 2016 16:50:35 TotalCost.py[line:42] DEBUG 3167.0
Mon, 05 Dec 2016 16:50:35 TotalCost.py[line:42] DEBUG E504
Mon, 05 Dec 2016 16:50:35 TotalCost.py[line:42] DEBUG E504
Mon, 05 Dec 2016 16:50:35 TotalCost.py[line:42] DEBUG E510
Mon, 05 Dec 2016 16:50:35 TotalCost.py[line:42] DEBUG E510
Mon, 05 Dec 2016 16:50:35 TotalCost.py[line:42] DEBUG E403
Mon, 05 Dec 2016 16:50:35 TotalCost.py[line:42] DEBUG E403
Mon, 05 Dec 2016 16:50:35 TotalCost.py[line:42] DEBUG 9166.0
Mon, 05 Dec 2016 16:50:35 TotalCost.py[line:42] DEBUG 9166.0
Mon, 05 Dec 2016 16:50:35 TotalCost.py[line:42] DEBUG 8702.0
Mon, 05 Dec 2016 16:50:35 TotalCost.py[line:42] DEBUG 8702.0
Mon, 05 Dec 2016 16:50:35 TotalCost.py[line:42] DEBUG 1159.0
Mon, 05 Dec 2016 16:50:35 TotalCost.py[line:42] DEBUG 1159.0
Mon, 05 Dec 2016 16:50:35 TotalCost.py[line:42] DEBUG 5535.0
Mon, 05 Dec 2016 16:50:35 TotalCost.py[line:42] DEBUG 5535.0
Mon, 05 Dec 2016 16:50:35 TotalCost.py[line:42] DEBUG 5519.0
Mon, 05 Dec 2016 16:50:35 TotalCost.py[line:42] DEBUG 5519.0
Mon, 05 Dec 2016 16:50:35 TotalCost.py[line:42] DEBUG 5533.0
Mon, 05 Dec 2016 16:50:35 TotalCost.py[line:42] DEBUG 5533.0
Mon, 05 Dec 2016 16:50:35 TotalCost.py[line:42] DEBUG C205
Mon, 05 Dec 2016 16:50:35 TotalCost.py[line:42] DEBUG C205
Mon, 05 Dec 2016 16:50:35 TotalCost.py[line:42] DEBUG E703
Mon, 05 Dec 2016 16:50:35 TotalCost.py[line:42] DEBUG E703
Mon, 05 Dec 2016 16:50:35 TotalCost.py[line:42] DEBUG E702
Mon, 05 Dec 2016 16:50:35 TotalCost.py[line:42] DEBUG E702
Mon, 05 Dec 2016 16:50:35 TotalCost.py[line:42] DEBUG E706
Mon, 05 Dec 2016 16:50:35 TotalCost.py[line:42] DEBUG E706
Mon, 05 Dec 2016 16:50:35 TotalCost.py[line:42] DEBUG E707
Mon, 05 Dec 2016 16:50:35 TotalCost.py[line:42] DEBUG E707
Mon, 05 Dec 2016 16:50:35 TotalCost.py[line:42] DEBUG E701
Mon, 05 Dec 2016 16:50:35 TotalCost.py[line:42] DEBUG E701
Mon, 05 Dec 2016 16:50:35 TotalCost.py[line:42] DEBUG 4315.0
Mon, 05 Dec 2016 16:50:35 TotalCost.py[line:42] DEBUG 4315.0
Mon, 05 Dec 2016 16:50:35 TotalCost.py[line:42] DEBUG D319
Mon, 05 Dec 2016 16:50:35 TotalCost.py[line:42] DEBUG D319
Mon, 05 Dec 2016 16:50:35 TotalCost.py[line:42] DEBUG D322
Mon, 05 Dec 2016 16:50:35 TotalCost.py[line:42] DEBUG D322
Mon, 05 Dec 2016 16:50:35 TotalCost.py[line:42] DEBUG 7302.0
Mon, 05 Dec 2016 16:50:35 TotalCost.py[line:42] DEBUG 7302.0
Mon, 05 Dec 2016 16:50:35 TotalCost.py[line:42] DEBUG D215
Mon, 05 Dec 2016 16:50:35 TotalCost.py[line:42] DEBUG D215
Mon, 05 Dec 2016 16:50:35 TotalCost.py[line:42] DEBUG 8803.0
Mon, 05 Dec 2016 16:50:35 TotalCost.py[line:42] DEBUG 8803.0
Mon, 05 Dec 2016 16:50:35 TotalCost.py[line:42] DEBUG D325
Mon, 05 Dec 2016 16:50:35 TotalCost.py[line:42] DEBUG D325
Mon, 05 Dec 2016 16:50:35 TotalCost.py[line:42] DEBUG E404
Mon, 05 Dec 2016 16:50:35 TotalCost.py[line:42] DEBUG E404
Mon, 05 Dec 2016 16:50:35 TotalCost.py[line:42] DEBUG 5536.0
Mon, 05 Dec 2016 16:50:35 TotalCost.py[line:42] DEBUG 5536.0
Mon, 05 Dec 2016 16:50:35 TotalCost.py[line:42] DEBUG 8508.0
Mon, 05 Dec 2016 16:50:35 TotalCost.py[line:42] DEBUG 8508.0
Mon, 05 Dec 2016 16:50:35 TotalCost.py[line:42] DEBUG 8505.0
Mon, 05 Dec 2016 16:50:35 TotalCost.py[line:42] DEBUG 8505.0
Mon, 05 Dec 2016 16:50:35 TotalCost.py[line:42] DEBUG 8509.0
Mon, 05 Dec 2016 16:50:35 TotalCost.py[line:42] DEBUG 8509.0
Mon, 05 Dec 2016 16:50:35 TotalCost.py[line:42] DEBUG 8507.0
Mon, 05 Dec 2016 16:50:35 TotalCost.py[line:42] DEBUG 8507.0
Mon, 05 Dec 2016 16:50:35 TotalCost.py[line:42] DEBUG 8504.0
Mon, 05 Dec 2016 16:50:35 TotalCost.py[line:42] DEBUG 8504.0
Mon, 05 Dec 2016 16:50:35 TotalCost.py[line:42] DEBUG 1193.0
Mon, 05 Dec 2016 16:50:35 TotalCost.py[line:42] DEBUG 1193.0
Mon, 05 Dec 2016 16:50:35 TotalCost.py[line:42] DEBUG D123
Mon, 05 Dec 2016 16:50:35 TotalCost.py[line:42] DEBUG 8236.0
Mon, 05 Dec 2016 16:50:35 TotalCost.py[line:42] DEBUG 8236.0
Mon, 05 Dec 2016 16:50:35 TotalCost.py[line:42] DEBUG 8501.0
Mon, 05 Dec 2016 16:50:35 TotalCost.py[line:42] DEBUG 8501.0
Mon, 05 Dec 2016 16:50:35 TotalCost.py[line:42] DEBUG 4303.0
Mon, 05 Dec 2016 16:50:35 TotalCost.py[line:42] DEBUG 4303.0
Mon, 05 Dec 2016 16:50:35 TotalCost.py[line:42] DEBUG 3104.0
Mon, 05 Dec 2016 16:50:35 TotalCost.py[line:42] DEBUG 3104.0
Mon, 05 Dec 2016 16:50:35 TotalCost.py[line:42] DEBUG 7503.0
Mon, 05 Dec 2016 16:50:35 TotalCost.py[line:42] DEBUG 7503.0
Mon, 05 Dec 2016 16:50:35 TotalCost.py[line:42] DEBUG 9206.0
Mon, 05 Dec 2016 16:50:35 TotalCost.py[line:42] DEBUG 9206.0
Mon, 05 Dec 2016 16:50:35 TotalCost.py[line:42] DEBUG E405
Mon, 05 Dec 2016 16:50:35 TotalCost.py[line:42] DEBUG E405
Mon, 05 Dec 2016 16:50:35 TotalCost.py[line:42] DEBUG 5538.0
Mon, 05 Dec 2016 16:50:35 TotalCost.py[line:42] DEBUG 5538.0
Mon, 05 Dec 2016 16:50:35 TotalCost.py[line:42] DEBUG 8237.0
Mon, 05 Dec 2016 16:50:35 TotalCost.py[line:42] DEBUG 8237.0
Mon, 05 Dec 2016 16:50:35 TotalCost.py[line:42] DEBUG 1317.0
Mon, 05 Dec 2016 16:50:35 TotalCost.py[line:42] DEBUG 1317.0
Mon, 05 Dec 2016 16:50:35 TotalCost.py[line:42] DEBUG 8820.0
Mon, 05 Dec 2016 16:50:35 TotalCost.py[line:42] DEBUG 8820.0
Mon, 05 Dec 2016 16:50:35 TotalCost.py[line:42] DEBUG 8823.0
Mon, 05 Dec 2016 16:50:35 TotalCost.py[line:42] DEBUG 8823.0
Mon, 05 Dec 2016 16:50:35 TotalCost.py[line:42] DEBUG 2124.0
Mon, 05 Dec 2016 16:50:35 TotalCost.py[line:42] DEBUG 2124.0
Mon, 05 Dec 2016 16:50:35 TotalCost.py[line:42] DEBUG 2110.0
Mon, 05 Dec 2016 16:50:35 TotalCost.py[line:42] DEBUG 2110.0
Mon, 05 Dec 2016 16:50:35 TotalCost.py[line:42] DEBUG 2101.0
Mon, 05 Dec 2016 16:50:35 TotalCost.py[line:42] DEBUG 2101.0
Mon, 05 Dec 2016 16:50:35 TotalCost.py[line:42] DEBUG 5505.0
Mon, 05 Dec 2016 16:50:35 TotalCost.py[line:42] DEBUG 5505.0
Mon, 05 Dec 2016 16:50:35 TotalCost.py[line:42] DEBUG 5517.0
Mon, 05 Dec 2016 16:50:35 TotalCost.py[line:42] DEBUG 5517.0
Mon, 05 Dec 2016 16:50:35 TotalCost.py[line:42] DEBUG 5518.0
Mon, 05 Dec 2016 16:50:35 TotalCost.py[line:42] DEBUG 5518.0
Mon, 05 Dec 2016 16:50:35 TotalCost.py[line:42] DEBUG 5510.0
Mon, 05 Dec 2016 16:50:35 TotalCost.py[line:42] DEBUG 5510.0
Mon, 05 Dec 2016 16:50:35 TotalCost.py[line:42] DEBUG 5516.0
Mon, 05 Dec 2016 16:50:35 TotalCost.py[line:42] DEBUG 5516.0
Mon, 05 Dec 2016 16:50:35 TotalCost.py[line:42] DEBUG 7104.0
Mon, 05 Dec 2016 16:50:35 TotalCost.py[line:42] DEBUG 7104.0
Mon, 05 Dec 2016 16:50:35 TotalCost.py[line:42] DEBUG 7106.0
Mon, 05 Dec 2016 16:50:35 TotalCost.py[line:42] DEBUG 7106.0
Mon, 05 Dec 2016 16:50:35 TotalCost.py[line:42] DEBUG 7122.0
Mon, 05 Dec 2016 16:50:35 TotalCost.py[line:42] DEBUG 7122.0
Mon, 05 Dec 2016 16:50:35 TotalCost.py[line:42] DEBUG 7103.0
Mon, 05 Dec 2016 16:50:35 TotalCost.py[line:42] DEBUG 7103.0
Mon, 05 Dec 2016 16:50:35 TotalCost.py[line:42] DEBUG 9302.0
Mon, 05 Dec 2016 16:50:35 TotalCost.py[line:42] DEBUG 9302.0
Mon, 05 Dec 2016 16:50:35 TotalCost.py[line:42] DEBUG E407
Mon, 05 Dec 2016 16:50:35 TotalCost.py[line:42] DEBUG 
Mon, 05 Dec 2016 16:50:35 TotalCost.py[line:42] DEBUG 
Mon, 05 Dec 2016 16:50:35 TotalCost.py[line:42] DEBUG E520
Mon, 05 Dec 2016 16:50:35 TotalCost.py[line:42] DEBUG E520
Mon, 05 Dec 2016 16:50:35 TotalCost.py[line:42] DEBUG 8239.0
Mon, 05 Dec 2016 16:50:35 TotalCost.py[line:42] DEBUG 8239.0
Mon, 05 Dec 2016 16:50:35 TotalCost.py[line:42] DEBUG 
Mon, 05 Dec 2016 16:50:35 TotalCost.py[line:42] DEBUG 
Mon, 05 Dec 2016 16:50:35 TotalCost.py[line:42] DEBUG E321
Mon, 05 Dec 2016 16:50:35 TotalCost.py[line:42] DEBUG E321
Mon, 05 Dec 2016 16:50:35 TotalCost.py[line:42] DEBUG E234
Mon, 05 Dec 2016 16:50:35 TotalCost.py[line:42] DEBUG D327
Mon, 05 Dec 2016 16:50:35 TotalCost.py[line:42] DEBUG D327
Mon, 05 Dec 2016 16:50:35 TotalCost.py[line:42] DEBUG 5F41
Mon, 05 Dec 2016 16:50:35 TotalCost.py[line:42] DEBUG 5F41
Mon, 05 Dec 2016 16:50:35 TotalCost.py[line:42] DEBUG 2128.0
Mon, 05 Dec 2016 16:50:35 TotalCost.py[line:42] DEBUG 2128.0
Mon, 05 Dec 2016 16:50:35 TotalCost.py[line:42] DEBUG D218
Mon, 05 Dec 2016 16:50:35 TotalCost.py[line:42] DEBUG D218
Mon, 05 Dec 2016 16:50:35 TotalCost.py[line:42] DEBUG E235
Mon, 05 Dec 2016 16:50:35 TotalCost.py[line:42] DEBUG D328
Mon, 05 Dec 2016 16:50:35 TotalCost.py[line:42] DEBUG D328
Mon, 05 Dec 2016 16:50:35 TotalCost.py[line:42] DEBUG 
Mon, 05 Dec 2016 16:50:35 TotalCost.py[line:42] DEBUG 
Mon, 05 Dec 2016 16:50:35 TotalCost.py[line:42] DEBUG 
Mon, 05 Dec 2016 16:50:35 TotalCost.py[line:42] DEBUG 
Mon, 05 Dec 2016 16:50:35 TotalCost.py[line:42] DEBUG 
Mon, 05 Dec 2016 16:50:35 TotalCost.py[line:42] DEBUG 5F48
Mon, 05 Dec 2016 16:50:35 TotalCost.py[line:42] DEBUG 5F47
Mon, 05 Dec 2016 16:50:35 TotalCost.py[line:42] DEBUG 5F47
Mon, 05 Dec 2016 16:50:35 TotalCost.py[line:42] DEBUG 5F48
Mon, 05 Dec 2016 16:50:35 TotalCost.py[line:42] DEBUG 5F46
Mon, 05 Dec 2016 16:50:35 TotalCost.py[line:42] DEBUG 5F46
Mon, 05 Dec 2016 16:50:35 TotalCost.py[line:42] DEBUG 5F43
Mon, 05 Dec 2016 16:50:35 TotalCost.py[line:42] DEBUG 5F43
Mon, 05 Dec 2016 16:50:35 TotalCost.py[line:42] DEBUG 5F42
Mon, 05 Dec 2016 16:50:35 TotalCost.py[line:42] DEBUG 5F42
Mon, 05 Dec 2016 16:50:35 TotalCost.py[line:42] DEBUG 5F45
Mon, 05 Dec 2016 16:50:35 TotalCost.py[line:42] DEBUG 5F45
Mon, 05 Dec 2016 16:50:35 TotalCost.py[line:42] DEBUG 5331.0
Mon, 05 Dec 2016 16:50:35 TotalCost.py[line:42] DEBUG 5331.0
Mon, 05 Dec 2016 16:50:35 TotalCost.py[line:42] DEBUG 1138.0
Mon, 05 Dec 2016 16:50:35 TotalCost.py[line:42] DEBUG 1188.0
Mon, 05 Dec 2016 16:50:35 TotalCost.py[line:42] DEBUG 1188.0
Mon, 05 Dec 2016 16:50:35 TotalCost.py[line:42] DEBUG 1143.0
Mon, 05 Dec 2016 16:50:35 TotalCost.py[line:42] DEBUG 1143.0
Mon, 05 Dec 2016 16:50:35 TotalCost.py[line:42] DEBUG 1187.0
Mon, 05 Dec 2016 16:50:35 TotalCost.py[line:42] DEBUG 1187.0
Mon, 05 Dec 2016 16:50:35 TotalCost.py[line:42] DEBUG 5F44
Mon, 05 Dec 2016 16:50:35 TotalCost.py[line:42] DEBUG 5F44
Mon, 05 Dec 2016 16:50:35 TotalCost.py[line:42] DEBUG 1179.0
Mon, 05 Dec 2016 16:50:35 TotalCost.py[line:42] DEBUG 1135.0
Mon, 05 Dec 2016 16:50:35 TotalCost.py[line:42] DEBUG 1135.0
Mon, 05 Dec 2016 16:50:35 TotalCost.py[line:42] DEBUG 1179.0
Mon, 05 Dec 2016 16:50:35 TotalCost.py[line:42] DEBUG B115
Mon, 05 Dec 2016 16:50:35 TotalCost.py[line:42] DEBUG B115
Mon, 05 Dec 2016 16:50:35 TotalCost.py[line:42] DEBUG 1152.0
Mon, 05 Dec 2016 16:50:35 TotalCost.py[line:42] DEBUG 1152.0
Mon, 05 Dec 2016 16:50:35 TotalCost.py[line:42] DEBUG 1124.0
Mon, 05 Dec 2016 16:50:35 TotalCost.py[line:42] DEBUG 1124.0
Mon, 05 Dec 2016 16:50:35 TotalCost.py[line:42] DEBUG 1139.0
Mon, 05 Dec 2016 16:50:35 TotalCost.py[line:42] DEBUG 1139.0
Mon, 05 Dec 2016 16:50:35 TotalCost.py[line:42] DEBUG D220
Mon, 05 Dec 2016 16:50:35 TotalCost.py[line:42] DEBUG D220
Mon, 05 Dec 2016 16:50:35 TotalCost.py[line:42] DEBUG 5127.0
Mon, 05 Dec 2016 16:50:35 TotalCost.py[line:42] DEBUG 5127.0
Mon, 05 Dec 2016 16:50:35 TotalCost.py[line:42] DEBUG 5133.0
Mon, 05 Dec 2016 16:50:35 TotalCost.py[line:42] DEBUG 5133.0
Mon, 05 Dec 2016 16:50:35 TotalCost.py[line:42] DEBUG E324
Mon, 05 Dec 2016 16:50:35 TotalCost.py[line:42] DEBUG E324
Mon, 05 Dec 2016 16:50:35 TotalCost.py[line:42] DEBUG 5132.0
Mon, 05 Dec 2016 16:50:35 TotalCost.py[line:42] DEBUG 5132.0
Mon, 05 Dec 2016 16:50:35 TotalCost.py[line:42] DEBUG 5807.0
Mon, 05 Dec 2016 16:50:35 TotalCost.py[line:42] DEBUG 5807.0
Mon, 05 Dec 2016 16:50:35 TotalCost.py[line:42] DEBUG 5402.0
Mon, 05 Dec 2016 16:50:35 TotalCost.py[line:42] DEBUG 5402.0
Mon, 05 Dec 2016 16:50:35 TotalCost.py[line:42] DEBUG E409
Mon, 05 Dec 2016 16:50:35 TotalCost.py[line:42] DEBUG E409
Mon, 05 Dec 2016 16:50:35 TotalCost.py[line:42] DEBUG 5715.0
Mon, 05 Dec 2016 16:50:35 TotalCost.py[line:42] DEBUG 5715.0
Mon, 05 Dec 2016 16:50:35 TotalCost.py[line:42] DEBUG E236
Mon, 05 Dec 2016 16:50:35 TotalCost.py[line:42] DEBUG 5501.0
Mon, 05 Dec 2016 16:50:35 TotalCost.py[line:42] DEBUG 5501.0
Mon, 05 Dec 2016 16:50:35 TotalCost.py[line:42] DEBUG 5131.0
Mon, 05 Dec 2016 16:50:35 TotalCost.py[line:42] DEBUG 5131.0
Mon, 05 Dec 2016 16:50:36 TotalCost.py[line:42] DEBUG E325
Mon, 05 Dec 2016 16:50:36 TotalCost.py[line:42] DEBUG E325
Mon, 05 Dec 2016 16:50:36 TotalCost.py[line:42] DEBUG E326
Mon, 05 Dec 2016 16:50:36 TotalCost.py[line:42] DEBUG E326
Mon, 05 Dec 2016 16:50:36 TotalCost.py[line:42] DEBUG D219
Mon, 05 Dec 2016 16:50:36 TotalCost.py[line:42] DEBUG D219
Mon, 05 Dec 2016 16:50:36 TotalCost.py[line:42] DEBUG 5134.0
Mon, 05 Dec 2016 16:50:36 TotalCost.py[line:42] DEBUG 5134.0
Mon, 05 Dec 2016 16:50:36 TotalCost.py[line:42] DEBUG 3168.0
Mon, 05 Dec 2016 16:50:36 TotalCost.py[line:42] DEBUG 3168.0
Mon, 05 Dec 2016 16:50:36 TotalCost.py[line:42] DEBUG 1128.0
Mon, 05 Dec 2016 16:50:36 TotalCost.py[line:42] DEBUG 1128.0
Mon, 05 Dec 2016 16:50:36 TotalCost.py[line:42] DEBUG E251
Mon, 05 Dec 2016 16:50:36 TotalCost.py[line:42] DEBUG E251
Mon, 05 Dec 2016 16:50:36 TotalCost.py[line:42] DEBUG 
Mon, 05 Dec 2016 16:50:36 TotalCost.py[line:42] DEBUG 
Mon, 05 Dec 2016 16:50:36 TotalCost.py[line:42] DEBUG 8185.0
Mon, 05 Dec 2016 16:50:36 TotalCost.py[line:42] DEBUG 8185.0
Mon, 05 Dec 2016 16:50:36 TotalCost.py[line:42] DEBUG 1138.0
Mon, 05 Dec 2016 16:50:36 TotalCost.py[line:42] DEBUG 5F26
Mon, 05 Dec 2016 16:50:36 TotalCost.py[line:42] DEBUG 5F26
Mon, 05 Dec 2016 16:50:36 TotalCost.py[line:42] DEBUG 5542.0
Mon, 05 Dec 2016 16:50:36 TotalCost.py[line:42] DEBUG 5542.0
Mon, 05 Dec 2016 16:50:36 TotalCost.py[line:42] DEBUG 5541.0
Mon, 05 Dec 2016 16:50:36 TotalCost.py[line:42] DEBUG 5541.0
Mon, 05 Dec 2016 16:50:36 TotalCost.py[line:42] DEBUG 
Mon, 05 Dec 2016 16:50:36 TotalCost.py[line:42] DEBUG 
Mon, 05 Dec 2016 16:50:36 TotalCost.py[line:42] DEBUG 8308.0
Mon, 05 Dec 2016 16:50:36 TotalCost.py[line:42] DEBUG 8308.0
Mon, 05 Dec 2016 16:50:36 TotalCost.py[line:42] DEBUG E801
Mon, 05 Dec 2016 16:50:36 TotalCost.py[line:42] DEBUG E801
Mon, 05 Dec 2016 16:50:36 TotalCost.py[line:42] DEBUG D108
Mon, 05 Dec 2016 16:50:36 TotalCost.py[line:42] DEBUG D101
Mon, 05 Dec 2016 16:50:36 TotalCost.py[line:42] DEBUG D102
Mon, 05 Dec 2016 16:50:36 TotalCost.py[line:42] DEBUG D109
Mon, 05 Dec 2016 16:50:36 TotalCost.py[line:42] DEBUG D111
Mon, 05 Dec 2016 16:50:36 TotalCost.py[line:42] DEBUG D115
Mon, 05 Dec 2016 16:50:36 TotalCost.py[line:42] DEBUG D113
Mon, 05 Dec 2016 16:50:36 TotalCost.py[line:42] DEBUG D114
Mon, 05 Dec 2016 16:50:36 TotalCost.py[line:42] DEBUG D118
Mon, 05 Dec 2016 16:50:36 TotalCost.py[line:42] DEBUG D123
Mon, 05 Dec 2016 16:50:36 TotalCost.py[line:42] DEBUG 
Mon, 05 Dec 2016 16:50:36 TotalCost.py[line:42] DEBUG 
Mon, 05 Dec 2016 16:50:36 TotalCost.py[line:42] DEBUG 5333.0
Mon, 05 Dec 2016 16:50:36 TotalCost.py[line:42] DEBUG 5333.0
Mon, 05 Dec 2016 16:50:36 TotalCost.py[line:42] DEBUG 5544.0
Mon, 05 Dec 2016 16:50:36 TotalCost.py[line:42] DEBUG 5544.0
Mon, 05 Dec 2016 16:50:36 TotalCost.py[line:42] DEBUG 5543.0
Mon, 05 Dec 2016 16:50:36 TotalCost.py[line:42] DEBUG 5543.0
Mon, 05 Dec 2016 16:50:36 TotalCost.py[line:42] DEBUG 5717.0
Mon, 05 Dec 2016 16:50:36 TotalCost.py[line:42] DEBUG 5717.0
Mon, 05 Dec 2016 16:50:36 TotalCost.py[line:42] DEBUG 2137.0
Mon, 05 Dec 2016 16:50:36 TotalCost.py[line:42] DEBUG 2137.0
Mon, 05 Dec 2016 16:50:36 TotalCost.py[line:42] DEBUG E410
Mon, 05 Dec 2016 16:50:36 TotalCost.py[line:42] DEBUG E410
Mon, 05 Dec 2016 16:50:36 TotalCost.py[line:42] DEBUG D334
Mon, 05 Dec 2016 16:50:36 TotalCost.py[line:42] DEBUG D334
Mon, 05 Dec 2016 16:50:36 TotalCost.py[line:42] DEBUG 3169.0
Mon, 05 Dec 2016 16:50:36 TotalCost.py[line:42] DEBUG 3169.0
Mon, 05 Dec 2016 16:50:36 TotalCost.py[line:42] DEBUG E527
Mon, 05 Dec 2016 16:50:36 TotalCost.py[line:42] DEBUG E527
Mon, 05 Dec 2016 16:50:36 TotalCost.py[line:42] DEBUG E413
Mon, 05 Dec 2016 16:50:36 TotalCost.py[line:42] DEBUG E413
Mon, 05 Dec 2016 16:50:36 TotalCost.py[line:42] DEBUG E415
Mon, 05 Dec 2016 16:50:36 TotalCost.py[line:42] DEBUG E415
Mon, 05 Dec 2016 16:50:36 TotalCost.py[line:42] DEBUG E414
Mon, 05 Dec 2016 16:50:36 TotalCost.py[line:42] DEBUG E414
Mon, 05 Dec 2016 16:50:36 TotalCost.py[line:42] DEBUG 5135.0
Mon, 05 Dec 2016 16:50:36 TotalCost.py[line:42] DEBUG 5135.0
Mon, 05 Dec 2016 16:50:36 TotalCost.py[line:42] DEBUG 2111.0
Mon, 05 Dec 2016 16:50:36 TotalCost.py[line:42] DEBUG 2111.0
Mon, 05 Dec 2016 16:50:36 TotalCost.py[line:42] DEBUG 2106.0
Mon, 05 Dec 2016 16:50:36 TotalCost.py[line:42] DEBUG 2106.0
Mon, 05 Dec 2016 16:50:36 TotalCost.py[line:42] DEBUG 8316.0
Mon, 05 Dec 2016 16:50:36 TotalCost.py[line:42] DEBUG 8316.0
Mon, 05 Dec 2016 16:50:36 TotalCost.py[line:42] DEBUG 5137.0
Mon, 05 Dec 2016 16:50:36 TotalCost.py[line:42] DEBUG 5137.0
Mon, 05 Dec 2016 16:50:36 TotalCost.py[line:42] DEBUG D340
Mon, 05 Dec 2016 16:50:36 TotalCost.py[line:42] DEBUG 5718.0
Mon, 05 Dec 2016 16:50:36 TotalCost.py[line:42] DEBUG 5718.0
Mon, 05 Dec 2016 16:50:36 TotalCost.py[line:42] DEBUG 2127.0
Mon, 05 Dec 2016 16:50:36 TotalCost.py[line:42] DEBUG 2127.0
Mon, 05 Dec 2016 16:50:36 TotalCost.py[line:42] DEBUG 2126.0
Mon, 05 Dec 2016 16:50:36 TotalCost.py[line:42] DEBUG 2126.0
Mon, 05 Dec 2016 16:50:36 TotalCost.py[line:42] DEBUG 5136.0
Mon, 05 Dec 2016 16:50:36 TotalCost.py[line:42] DEBUG 5136.0
Mon, 05 Dec 2016 16:50:36 TotalCost.py[line:42] DEBUG D339
Mon, 05 Dec 2016 16:50:36 TotalCost.py[line:42] DEBUG D339
Mon, 05 Dec 2016 16:50:36 TotalCost.py[line:42] DEBUG 9113.0
Mon, 05 Dec 2016 16:50:36 TotalCost.py[line:42] DEBUG 9113.0
Mon, 05 Dec 2016 16:50:36 TotalCost.py[line:42] DEBUG 9123.0
Mon, 05 Dec 2016 16:50:36 TotalCost.py[line:42] DEBUG 9123.0
Mon, 05 Dec 2016 16:50:36 TotalCost.py[line:42] DEBUG B125
Mon, 05 Dec 2016 16:50:36 TotalCost.py[line:42] DEBUG B125
Mon, 05 Dec 2016 16:50:36 TotalCost.py[line:42] DEBUG 9310.0
Mon, 05 Dec 2016 16:50:36 TotalCost.py[line:42] DEBUG 9310.0
Mon, 05 Dec 2016 16:50:36 TotalCost.py[line:42] DEBUG E532
Mon, 05 Dec 2016 16:50:36 TotalCost.py[line:42] DEBUG E532
Mon, 05 Dec 2016 16:50:36 TotalCost.py[line:42] DEBUG 7721.0
Mon, 05 Dec 2016 16:50:36 TotalCost.py[line:42] DEBUG 7721.0
Mon, 05 Dec 2016 16:50:36 TotalCost.py[line:42] DEBUG 8207.0
Mon, 05 Dec 2016 16:50:36 TotalCost.py[line:42] DEBUG 8207.0
Mon, 05 Dec 2016 16:50:36 TotalCost.py[line:42] DEBUG 9137.0
Mon, 05 Dec 2016 16:50:36 TotalCost.py[line:42] DEBUG 9137.0
Mon, 05 Dec 2016 16:50:36 TotalCost.py[line:42] DEBUG 5412.0
Mon, 05 Dec 2016 16:50:36 TotalCost.py[line:42] DEBUG 5412.0
Mon, 05 Dec 2016 16:50:36 TotalCost.py[line:42] DEBUG D341
Mon, 05 Dec 2016 16:50:36 TotalCost.py[line:42] DEBUG D341
Mon, 05 Dec 2016 16:50:36 TotalCost.py[line:42] DEBUG 9138.0
Mon, 05 Dec 2016 16:50:36 TotalCost.py[line:42] DEBUG 9138.0
Mon, 05 Dec 2016 16:50:36 TotalCost.py[line:42] DEBUG 5809.0
Mon, 05 Dec 2016 16:50:36 TotalCost.py[line:42] DEBUG 5809.0
Mon, 05 Dec 2016 16:50:36 TotalCost.py[line:42] DEBUG 7709.0
Mon, 05 Dec 2016 16:50:36 TotalCost.py[line:42] DEBUG 7709.0
Mon, 05 Dec 2016 16:50:36 TotalCost.py[line:42] DEBUG 7715.0
Mon, 05 Dec 2016 16:50:36 TotalCost.py[line:42] DEBUG 7715.0
Mon, 05 Dec 2016 16:50:36 TotalCost.py[line:42] DEBUG 7706.0
Mon, 05 Dec 2016 16:50:36 TotalCost.py[line:42] DEBUG 7706.0
Mon, 05 Dec 2016 16:50:36 TotalCost.py[line:42] DEBUG 7705.0
Mon, 05 Dec 2016 16:50:36 TotalCost.py[line:42] DEBUG 7705.0
Mon, 05 Dec 2016 16:50:36 TotalCost.py[line:42] DEBUG 7719.0
Mon, 05 Dec 2016 16:50:36 TotalCost.py[line:42] DEBUG 7719.0
Mon, 05 Dec 2016 16:50:36 TotalCost.py[line:42] DEBUG 7711.0
Mon, 05 Dec 2016 16:50:36 TotalCost.py[line:42] DEBUG 7711.0
Mon, 05 Dec 2016 16:50:36 TotalCost.py[line:42] DEBUG 7707.0
Mon, 05 Dec 2016 16:50:36 TotalCost.py[line:42] DEBUG 7707.0
Mon, 05 Dec 2016 16:50:36 TotalCost.py[line:42] DEBUG 7703.0
Mon, 05 Dec 2016 16:50:36 TotalCost.py[line:42] DEBUG 7703.0
Mon, 05 Dec 2016 16:50:36 TotalCost.py[line:42] DEBUG 7712.0
Mon, 05 Dec 2016 16:50:36 TotalCost.py[line:42] DEBUG 7712.0
Mon, 05 Dec 2016 16:50:36 TotalCost.py[line:42] DEBUG 7704.0
Mon, 05 Dec 2016 16:50:36 TotalCost.py[line:42] DEBUG 7704.0
Mon, 05 Dec 2016 16:50:36 TotalCost.py[line:42] DEBUG 8154.0
Mon, 05 Dec 2016 16:50:36 TotalCost.py[line:42] DEBUG E418
Mon, 05 Dec 2016 16:50:36 TotalCost.py[line:42] DEBUG 8242.0
Mon, 05 Dec 2016 16:50:36 TotalCost.py[line:42] DEBUG E418
Mon, 05 Dec 2016 16:50:36 TotalCost.py[line:42] DEBUG 8242.0
Mon, 05 Dec 2016 16:50:36 TotalCost.py[line:42] DEBUG E534
Mon, 05 Dec 2016 16:50:36 TotalCost.py[line:42] DEBUG D238
Mon, 05 Dec 2016 16:50:36 TotalCost.py[line:42] DEBUG D238
Mon, 05 Dec 2016 16:50:36 TotalCost.py[line:42] DEBUG 
Mon, 05 Dec 2016 16:50:36 TotalCost.py[line:42] DEBUG 
Mon, 05 Dec 2016 16:50:36 TotalCost.py[line:42] DEBUG 
Mon, 05 Dec 2016 16:50:36 TotalCost.py[line:42] DEBUG 
Mon, 05 Dec 2016 16:50:36 TotalCost.py[line:42] DEBUG 
Mon, 05 Dec 2016 16:50:36 TotalCost.py[line:42] DEBUG 
Mon, 05 Dec 2016 16:50:36 TotalCost.py[line:42] DEBUG 
Mon, 05 Dec 2016 16:50:36 TotalCost.py[line:42] DEBUG 
Mon, 05 Dec 2016 16:50:36 TotalCost.py[line:42] DEBUG 
Mon, 05 Dec 2016 16:50:36 TotalCost.py[line:42] DEBUG 
Mon, 05 Dec 2016 16:50:36 TotalCost.py[line:42] DEBUG 
Mon, 05 Dec 2016 16:50:36 TotalCost.py[line:42] DEBUG 
Mon, 05 Dec 2016 16:50:36 TotalCost.py[line:42] DEBUG 
Mon, 05 Dec 2016 16:50:36 TotalCost.py[line:42] DEBUG 
Mon, 05 Dec 2016 16:50:36 TotalCost.py[line:42] DEBUG 
Mon, 05 Dec 2016 16:50:36 TotalCost.py[line:42] DEBUG 
Mon, 05 Dec 2016 16:50:36 TotalCost.py[line:42] DEBUG 
Mon, 05 Dec 2016 16:50:36 TotalCost.py[line:42] DEBUG 
Mon, 05 Dec 2016 16:50:36 TotalCost.py[line:42] DEBUG 
Mon, 05 Dec 2016 16:50:36 TotalCost.py[line:42] DEBUG 
Mon, 05 Dec 2016 16:50:36 TotalCost.py[line:42] DEBUG 
Mon, 05 Dec 2016 16:50:36 TotalCost.py[line:42] DEBUG 
Mon, 05 Dec 2016 16:50:36 TotalCost.py[line:42] DEBUG 
Mon, 05 Dec 2016 16:50:36 TotalCost.py[line:42] DEBUG 
Mon, 05 Dec 2016 16:50:36 TotalCost.py[line:42] DEBUG 
Mon, 05 Dec 2016 16:50:36 TotalCost.py[line:42] DEBUG 
Mon, 05 Dec 2016 16:50:36 TotalCost.py[line:42] DEBUG 3F31
Mon, 05 Dec 2016 16:50:36 TotalCost.py[line:42] DEBUG 3F31
Mon, 05 Dec 2016 16:50:36 TotalCost.py[line:42] DEBUG 
Mon, 05 Dec 2016 16:50:36 TotalCost.py[line:42] DEBUG 
Mon, 05 Dec 2016 16:50:36 TotalCost.py[line:42] DEBUG 9F09
Mon, 05 Dec 2016 16:50:36 TotalCost.py[line:42] DEBUG 9F09
Mon, 05 Dec 2016 16:50:36 TotalCost.py[line:42] DEBUG D108
Mon, 05 Dec 2016 16:50:36 TotalCost.py[line:42] DEBUG D101
Mon, 05 Dec 2016 16:50:36 TotalCost.py[line:42] DEBUG D102
Mon, 05 Dec 2016 16:50:36 TotalCost.py[line:42] DEBUG D109
Mon, 05 Dec 2016 16:50:36 TotalCost.py[line:42] DEBUG D111
Mon, 05 Dec 2016 16:50:36 TotalCost.py[line:42] DEBUG 5F29
Mon, 05 Dec 2016 16:50:36 TotalCost.py[line:42] DEBUG 5F29
Mon, 05 Dec 2016 16:50:36 TotalCost.py[line:42] DEBUG 5618.0
Mon, 05 Dec 2016 16:50:36 TotalCost.py[line:42] DEBUG 5618.0
Mon, 05 Dec 2016 16:50:36 TotalCost.py[line:42] DEBUG 7801.0
Mon, 05 Dec 2016 16:50:36 TotalCost.py[line:42] DEBUG 7801.0
Mon, 05 Dec 2016 16:50:36 TotalCost.py[line:42] DEBUG 7614.0
Mon, 05 Dec 2016 16:50:36 TotalCost.py[line:42] DEBUG 7614.0
Mon, 05 Dec 2016 16:50:36 TotalCost.py[line:42] DEBUG 7610.0
Mon, 05 Dec 2016 16:50:36 TotalCost.py[line:42] DEBUG 7610.0
Mon, 05 Dec 2016 16:50:36 TotalCost.py[line:42] DEBUG 7606.0
Mon, 05 Dec 2016 16:50:36 TotalCost.py[line:42] DEBUG 7606.0
Mon, 05 Dec 2016 16:50:36 TotalCost.py[line:42] DEBUG 7607.0
Mon, 05 Dec 2016 16:50:36 TotalCost.py[line:42] DEBUG 7607.0
Mon, 05 Dec 2016 16:50:36 TotalCost.py[line:42] DEBUG 7605.0
Mon, 05 Dec 2016 16:50:36 TotalCost.py[line:42] DEBUG 7605.0
Mon, 05 Dec 2016 16:50:36 TotalCost.py[line:42] DEBUG 7604.0
Mon, 05 Dec 2016 16:50:36 TotalCost.py[line:42] DEBUG 7604.0
